The target system is: Linux -  - arm
The host system is: Linux - 5.15.0-139-generic - x86_64
Compiling the C compiler identification source file "CMakeCCompilerId.c" succeeded.
Compiler: /usr/bin/arm-linux-gnueabihf-gcc 
Build flags: 
Id flags:  

The output was:
0


Compilation of the C compiler identification source "CMakeCCompilerId.c" produced "a.out"

The C compiler identification is GNU, found in "/home/user/Aqua-Vector-ControlCenter/build/CMakeFiles/3.16.3/CompilerIdC/a.out"

Compiling the CXX compiler identification source file "CMakeCXXCompilerId.cpp" succeeded.
Compiler: /tools/Xilinx/Vitis/2022.1/gnu/aarch32/lin/gcc-arm-linux-gnueabi/bin/arm-linux-gnueabihf-g++ 
Build flags: 
Id flags:  

The output was:
0


Compilation of the CXX compiler identification source "CMakeCXXCompilerId.cpp" produced "a.out"

The CXX compiler identification is GNU, found in "/home/user/Aqua-Vector-ControlCenter/build/CMakeFiles/3.16.3/CompilerIdCXX/a.out"

Determining if the C compiler works passed with the following output:
Change Dir: /home/user/Aqua-Vector-ControlCenter/build/CMakeFiles/CMakeTmp

Run Build Command(s):/usr/bin/make cmTC_ad6c7/fast && /usr/bin/make -f CMakeFiles/cmTC_ad6c7.dir/build.make CMakeFiles/cmTC_ad6c7.dir/build
make[1]: Entering directory '/home/user/Aqua-Vector-ControlCenter/build/CMakeFiles/CMakeTmp'
Building C object CMakeFiles/cmTC_ad6c7.dir/testCCompiler.c.o
/usr/bin/arm-linux-gnueabihf-gcc    -o CMakeFiles/cmTC_ad6c7.dir/testCCompiler.c.o   -c /home/user/Aqua-Vector-ControlCenter/build/CMakeFiles/CMakeTmp/testCCompiler.c
Linking C executable cmTC_ad6c7
/usr/bin/cmake -E cmake_link_script CMakeFiles/cmTC_ad6c7.dir/link.txt --verbose=1
/usr/bin/arm-linux-gnueabihf-gcc      CMakeFiles/cmTC_ad6c7.dir/testCCompiler.c.o  -o cmTC_ad6c7 
make[1]: Leaving directory '/home/user/Aqua-Vector-ControlCenter/build/CMakeFiles/CMakeTmp'



Detecting C compiler ABI info compiled with the following output:
Change Dir: /home/user/Aqua-Vector-ControlCenter/build/CMakeFiles/CMakeTmp

Run Build Command(s):/usr/bin/make cmTC_83c31/fast && /usr/bin/make -f CMakeFiles/cmTC_83c31.dir/build.make CMakeFiles/cmTC_83c31.dir/build
make[1]: Entering directory '/home/user/Aqua-Vector-ControlCenter/build/CMakeFiles/CMakeTmp'
Building C object CMakeFiles/cmTC_83c31.dir/CMakeCCompilerABI.c.o
/usr/bin/arm-linux-gnueabihf-gcc   -v -o CMakeFiles/cmTC_83c31.dir/CMakeCCompilerABI.c.o   -c /usr/share/cmake-3.16/Modules/CMakeCCompilerABI.c
Using built-in specs.
COLLECT_GCC=/usr/bin/arm-linux-gnueabihf-gcc
Target: arm-linux-gnueabihf
Configured with: ../src/configure -v --with-pkgversion='Ubuntu 9.4.0-1ubuntu1~20.04.2' --with-bugurl=file:///usr/share/doc/gcc-9/README.Bugs --enable-languages=c,ada,c++,go,d,fortran,objc,obj-c++,gm2 --prefix=/usr --with-gcc-major-version-only --program-suffix=-9 --enable-shared --enable-linker-build-id --libexecdir=/usr/lib --without-included-gettext --enable-threads=posix --libdir=/usr/lib --enable-nls --with-sysroot=/ --enable-clocale=gnu --enable-libstdcxx-debug --enable-libstdcxx-time=yes --with-default-libstdcxx-abi=new --enable-gnu-unique-object --disable-libitm --disable-libquadmath --disable-libquadmath-support --enable-plugin --enable-default-pie --with-system-zlib --without-target-system-zlib --enable-libpth-m2 --enable-multiarch --enable-multilib --disable-sjlj-exceptions --with-arch=armv7-a --with-fpu=vfpv3-d16 --with-float=hard --with-mode=thumb --disable-werror --enable-multilib --enable-checking=release --build=x86_64-linux-gnu --host=x86_64-linux-gnu --target=arm-linux-gnueabihf --program-prefix=arm-linux-gnueabihf- --includedir=/usr/arm-linux-gnueabihf/include
Thread model: posix
gcc version 9.4.0 (Ubuntu 9.4.0-1ubuntu1~20.04.2) 
COLLECT_GCC_OPTIONS='-v' '-o' 'CMakeFiles/cmTC_83c31.dir/CMakeCCompilerABI.c.o' '-c'  '-mfloat-abi=hard' '-mfpu=vfpv3-d16' '-mthumb' '-mtls-dialect=gnu' '-march=armv7-a+fp'
 /usr/lib/gcc-cross/arm-linux-gnueabihf/9/cc1 -quiet -v -imultiarch arm-linux-gnueabihf /usr/share/cmake-3.16/Modules/CMakeCCompilerABI.c -quiet -dumpbase CMakeCCompilerABI.c -mfloat-abi=hard -mfpu=vfpv3-d16 -mthumb -mtls-dialect=gnu -march=armv7-a+fp -auxbase-strip CMakeFiles/cmTC_83c31.dir/CMakeCCompilerABI.c.o -version -fstack-protector-strong -Wformat -Wformat-security -o /tmp/cc2J5JbF.s
GNU C17 (Ubuntu 9.4.0-1ubuntu1~20.04.2) version 9.4.0 (arm-linux-gnueabihf)
	compiled by GNU C version 9.4.0, GMP version 6.2.0, MPFR version 4.0.2, MPC version 1.1.0, isl version isl-0.22.1-GMP

GGC heuristics: --param ggc-min-expand=100 --param ggc-min-heapsize=131072
ignoring nonexistent directory "/usr/local/include/arm-linux-gnueabihf"
ignoring nonexistent directory "/usr/lib/gcc-cross/arm-linux-gnueabihf/9/include-fixed"
ignoring nonexistent directory "/usr/include/arm-linux-gnueabihf"
#include "..." search starts here:
#include <...> search starts here:
 /usr/lib/gcc-cross/arm-linux-gnueabihf/9/include
 /usr/lib/gcc-cross/arm-linux-gnueabihf/9/../../../../arm-linux-gnueabihf/include
 /usr/include
End of search list.
GNU C17 (Ubuntu 9.4.0-1ubuntu1~20.04.2) version 9.4.0 (arm-linux-gnueabihf)
	compiled by GNU C version 9.4.0, GMP version 6.2.0, MPFR version 4.0.2, MPC version 1.1.0, isl version isl-0.22.1-GMP

GGC heuristics: --param ggc-min-expand=100 --param ggc-min-heapsize=131072
Compiler executable checksum: 5ab7cfdc0f0936bb2c17b9afd7c5d5a9
COLLECT_GCC_OPTIONS='-v' '-o' 'CMakeFiles/cmTC_83c31.dir/CMakeCCompilerABI.c.o' '-c'  '-mfloat-abi=hard' '-mfpu=vfpv3-d16' '-mthumb' '-mtls-dialect=gnu' '-march=armv7-a+fp'
 /usr/lib/gcc-cross/arm-linux-gnueabihf/9/../../../../arm-linux-gnueabihf/bin/as -v -march=armv7-a -mfloat-abi=hard -mfpu=vfpv3-d16 -meabi=5 -o CMakeFiles/cmTC_83c31.dir/CMakeCCompilerABI.c.o /tmp/cc2J5JbF.s
GNU assembler version 2.34 (arm-linux-gnueabihf) using BFD version (GNU Binutils for Ubuntu) 2.34
COMPILER_PATH=/usr/lib/gcc-cross/arm-linux-gnueabihf/9/:/usr/lib/gcc-cross/arm-linux-gnueabihf/9/:/usr/lib/gcc-cross/arm-linux-gnueabihf/:/usr/lib/gcc-cross/arm-linux-gnueabihf/9/:/usr/lib/gcc-cross/arm-linux-gnueabihf/:/usr/lib/gcc-cross/arm-linux-gnueabihf/9/../../../../arm-linux-gnueabihf/bin/
LIBRARY_PATH=/usr/lib/gcc-cross/arm-linux-gnueabihf/9/:/usr/lib/gcc-cross/arm-linux-gnueabihf/9/../../../../arm-linux-gnueabihf/lib/../lib/:/lib/arm-linux-gnueabihf/:/lib/../lib/:/usr/lib/arm-linux-gnueabihf/:/usr/lib/../lib/:/usr/lib/gcc-cross/arm-linux-gnueabihf/9/../../../../arm-linux-gnueabihf/lib/:/lib/:/usr/lib/
COLLECT_GCC_OPTIONS='-v' '-o' 'CMakeFiles/cmTC_83c31.dir/CMakeCCompilerABI.c.o' '-c'  '-mfloat-abi=hard' '-mfpu=vfpv3-d16' '-mthumb' '-mtls-dialect=gnu' '-march=armv7-a+fp'
Linking C executable cmTC_83c31
/usr/bin/cmake -E cmake_link_script CMakeFiles/cmTC_83c31.dir/link.txt --verbose=1
/usr/bin/arm-linux-gnueabihf-gcc     -v CMakeFiles/cmTC_83c31.dir/CMakeCCompilerABI.c.o  -o cmTC_83c31 
Using built-in specs.
COLLECT_GCC=/usr/bin/arm-linux-gnueabihf-gcc
COLLECT_LTO_WRAPPER=/usr/lib/gcc-cross/arm-linux-gnueabihf/9/lto-wrapper
Target: arm-linux-gnueabihf
Configured with: ../src/configure -v --with-pkgversion='Ubuntu 9.4.0-1ubuntu1~20.04.2' --with-bugurl=file:///usr/share/doc/gcc-9/README.Bugs --enable-languages=c,ada,c++,go,d,fortran,objc,obj-c++,gm2 --prefix=/usr --with-gcc-major-version-only --program-suffix=-9 --enable-shared --enable-linker-build-id --libexecdir=/usr/lib --without-included-gettext --enable-threads=posix --libdir=/usr/lib --enable-nls --with-sysroot=/ --enable-clocale=gnu --enable-libstdcxx-debug --enable-libstdcxx-time=yes --with-default-libstdcxx-abi=new --enable-gnu-unique-object --disable-libitm --disable-libquadmath --disable-libquadmath-support --enable-plugin --enable-default-pie --with-system-zlib --without-target-system-zlib --enable-libpth-m2 --enable-multiarch --enable-multilib --disable-sjlj-exceptions --with-arch=armv7-a --with-fpu=vfpv3-d16 --with-float=hard --with-mode=thumb --disable-werror --enable-multilib --enable-checking=release --build=x86_64-linux-gnu --host=x86_64-linux-gnu --target=arm-linux-gnueabihf --program-prefix=arm-linux-gnueabihf- --includedir=/usr/arm-linux-gnueabihf/include
Thread model: posix
gcc version 9.4.0 (Ubuntu 9.4.0-1ubuntu1~20.04.2) 
COMPILER_PATH=/usr/lib/gcc-cross/arm-linux-gnueabihf/9/:/usr/lib/gcc-cross/arm-linux-gnueabihf/9/:/usr/lib/gcc-cross/arm-linux-gnueabihf/:/usr/lib/gcc-cross/arm-linux-gnueabihf/9/:/usr/lib/gcc-cross/arm-linux-gnueabihf/:/usr/lib/gcc-cross/arm-linux-gnueabihf/9/../../../../arm-linux-gnueabihf/bin/
LIBRARY_PATH=/usr/lib/gcc-cross/arm-linux-gnueabihf/9/:/usr/lib/gcc-cross/arm-linux-gnueabihf/9/../../../../arm-linux-gnueabihf/lib/../lib/:/lib/arm-linux-gnueabihf/:/lib/../lib/:/usr/lib/arm-linux-gnueabihf/:/usr/lib/../lib/:/usr/lib/gcc-cross/arm-linux-gnueabihf/9/../../../../arm-linux-gnueabihf/lib/:/lib/:/usr/lib/
COLLECT_GCC_OPTIONS='-v' '-o' 'cmTC_83c31'  '-mfloat-abi=hard' '-mfpu=vfpv3-d16' '-mthumb' '-mtls-dialect=gnu' '-march=armv7-a+fp'
 /usr/lib/gcc-cross/arm-linux-gnueabihf/9/collect2 -plugin /usr/lib/gcc-cross/arm-linux-gnueabihf/9/liblto_plugin.so -plugin-opt=/usr/lib/gcc-cross/arm-linux-gnueabihf/9/lto-wrapper -plugin-opt=-fresolution=/tmp/ccnqzMIZ.res -plugin-opt=-pass-through=-lgcc -plugin-opt=-pass-through=-lgcc_s -plugin-opt=-pass-through=-lc -plugin-opt=-pass-through=-lgcc -plugin-opt=-pass-through=-lgcc_s --sysroot=/ --build-id --eh-frame-hdr -dynamic-linker /lib/ld-linux-armhf.so.3 -X --hash-style=gnu --as-needed -m armelf_linux_eabi -pie -z now -z relro -o cmTC_83c31 /usr/lib/gcc-cross/arm-linux-gnueabihf/9/../../../../arm-linux-gnueabihf/lib/../lib/Scrt1.o /usr/lib/gcc-cross/arm-linux-gnueabihf/9/../../../../arm-linux-gnueabihf/lib/../lib/crti.o /usr/lib/gcc-cross/arm-linux-gnueabihf/9/crtbeginS.o -L/usr/lib/gcc-cross/arm-linux-gnueabihf/9 -L/usr/lib/gcc-cross/arm-linux-gnueabihf/9/../../../../arm-linux-gnueabihf/lib/../lib -L/lib/arm-linux-gnueabihf -L/lib/../lib -L/usr/lib/arm-linux-gnueabihf -L/usr/lib/../lib -L/usr/lib/gcc-cross/arm-linux-gnueabihf/9/../../../../arm-linux-gnueabihf/lib CMakeFiles/cmTC_83c31.dir/CMakeCCompilerABI.c.o -lgcc --push-state --as-needed -lgcc_s --pop-state -lc -lgcc --push-state --as-needed -lgcc_s --pop-state /usr/lib/gcc-cross/arm-linux-gnueabihf/9/crtendS.o /usr/lib/gcc-cross/arm-linux-gnueabihf/9/../../../../arm-linux-gnueabihf/lib/../lib/crtn.o
COLLECT_GCC_OPTIONS='-v' '-o' 'cmTC_83c31'  '-mfloat-abi=hard' '-mfpu=vfpv3-d16' '-mthumb' '-mtls-dialect=gnu' '-march=armv7-a+fp'
make[1]: Leaving directory '/home/user/Aqua-Vector-ControlCenter/build/CMakeFiles/CMakeTmp'



Parsed C implicit include dir info from above output: rv=done
  found start of include info
  found start of implicit include info
    add: [/usr/lib/gcc-cross/arm-linux-gnueabihf/9/include]
    add: [/usr/lib/gcc-cross/arm-linux-gnueabihf/9/../../../../arm-linux-gnueabihf/include]
    add: [/usr/include]
  end of search list found
  collapse include dir [/usr/lib/gcc-cross/arm-linux-gnueabihf/9/include] ==> [/usr/lib/gcc-cross/arm-linux-gnueabihf/9/include]
  collapse include dir [/usr/lib/gcc-cross/arm-linux-gnueabihf/9/../../../../arm-linux-gnueabihf/include] ==> [/usr/arm-linux-gnueabihf/include]
  collapse include dir [/usr/include] ==> [/usr/include]
  implicit include dirs: [/usr/lib/gcc-cross/arm-linux-gnueabihf/9/include;/usr/arm-linux-gnueabihf/include;/usr/include]


Parsed C implicit link information from above output:
  link line regex: [^( *|.*[/\])(arm-linux-gnueabihf-ld|CMAKE_LINK_STARTFILE-NOTFOUND|([^/\]+-)?ld|collect2)[^/\]*( |$)]
  ignore line: [Change Dir: /home/user/Aqua-Vector-ControlCenter/build/CMakeFiles/CMakeTmp]
  ignore line: []
  ignore line: [Run Build Command(s):/usr/bin/make cmTC_83c31/fast && /usr/bin/make -f CMakeFiles/cmTC_83c31.dir/build.make CMakeFiles/cmTC_83c31.dir/build]
  ignore line: [make[1]: Entering directory '/home/user/Aqua-Vector-ControlCenter/build/CMakeFiles/CMakeTmp']
  ignore line: [Building C object CMakeFiles/cmTC_83c31.dir/CMakeCCompilerABI.c.o]
  ignore line: [/usr/bin/arm-linux-gnueabihf-gcc   -v -o CMakeFiles/cmTC_83c31.dir/CMakeCCompilerABI.c.o   -c /usr/share/cmake-3.16/Modules/CMakeCCompilerABI.c]
  ignore line: [Using built-in specs.]
  ignore line: [COLLECT_GCC=/usr/bin/arm-linux-gnueabihf-gcc]
  ignore line: [Target: arm-linux-gnueabihf]
  ignore line: [Configured with: ../src/configure -v --with-pkgversion='Ubuntu 9.4.0-1ubuntu1~20.04.2' --with-bugurl=file:///usr/share/doc/gcc-9/README.Bugs --enable-languages=c ada c++ go d fortran objc obj-c++ gm2 --prefix=/usr --with-gcc-major-version-only --program-suffix=-9 --enable-shared --enable-linker-build-id --libexecdir=/usr/lib --without-included-gettext --enable-threads=posix --libdir=/usr/lib --enable-nls --with-sysroot=/ --enable-clocale=gnu --enable-libstdcxx-debug --enable-libstdcxx-time=yes --with-default-libstdcxx-abi=new --enable-gnu-unique-object --disable-libitm --disable-libquadmath --disable-libquadmath-support --enable-plugin --enable-default-pie --with-system-zlib --without-target-system-zlib --enable-libpth-m2 --enable-multiarch --enable-multilib --disable-sjlj-exceptions --with-arch=armv7-a --with-fpu=vfpv3-d16 --with-float=hard --with-mode=thumb --disable-werror --enable-multilib --enable-checking=release --build=x86_64-linux-gnu --host=x86_64-linux-gnu --target=arm-linux-gnueabihf --program-prefix=arm-linux-gnueabihf- --includedir=/usr/arm-linux-gnueabihf/include]
  ignore line: [Thread model: posix]
  ignore line: [gcc version 9.4.0 (Ubuntu 9.4.0-1ubuntu1~20.04.2) ]
  ignore line: [COLLECT_GCC_OPTIONS='-v' '-o' 'CMakeFiles/cmTC_83c31.dir/CMakeCCompilerABI.c.o' '-c'  '-mfloat-abi=hard' '-mfpu=vfpv3-d16' '-mthumb' '-mtls-dialect=gnu' '-march=armv7-a+fp']
  ignore line: [ /usr/lib/gcc-cross/arm-linux-gnueabihf/9/cc1 -quiet -v -imultiarch arm-linux-gnueabihf /usr/share/cmake-3.16/Modules/CMakeCCompilerABI.c -quiet -dumpbase CMakeCCompilerABI.c -mfloat-abi=hard -mfpu=vfpv3-d16 -mthumb -mtls-dialect=gnu -march=armv7-a+fp -auxbase-strip CMakeFiles/cmTC_83c31.dir/CMakeCCompilerABI.c.o -version -fstack-protector-strong -Wformat -Wformat-security -o /tmp/cc2J5JbF.s]
  ignore line: [GNU C17 (Ubuntu 9.4.0-1ubuntu1~20.04.2) version 9.4.0 (arm-linux-gnueabihf)]
  ignore line: [	compiled by GNU C version 9.4.0  GMP version 6.2.0  MPFR version 4.0.2  MPC version 1.1.0  isl version isl-0.22.1-GMP]
  ignore line: []
  ignore line: [GGC heuristics: --param ggc-min-expand=100 --param ggc-min-heapsize=131072]
  ignore line: [ignoring nonexistent directory "/usr/local/include/arm-linux-gnueabihf"]
  ignore line: [ignoring nonexistent directory "/usr/lib/gcc-cross/arm-linux-gnueabihf/9/include-fixed"]
  ignore line: [ignoring nonexistent directory "/usr/include/arm-linux-gnueabihf"]
  ignore line: [#include "..." search starts here:]
  ignore line: [#include <...> search starts here:]
  ignore line: [ /usr/lib/gcc-cross/arm-linux-gnueabihf/9/include]
  ignore line: [ /usr/lib/gcc-cross/arm-linux-gnueabihf/9/../../../../arm-linux-gnueabihf/include]
  ignore line: [ /usr/include]
  ignore line: [End of search list.]
  ignore line: [GNU C17 (Ubuntu 9.4.0-1ubuntu1~20.04.2) version 9.4.0 (arm-linux-gnueabihf)]
  ignore line: [	compiled by GNU C version 9.4.0  GMP version 6.2.0  MPFR version 4.0.2  MPC version 1.1.0  isl version isl-0.22.1-GMP]
  ignore line: []
  ignore line: [GGC heuristics: --param ggc-min-expand=100 --param ggc-min-heapsize=131072]
  ignore line: [Compiler executable checksum: 5ab7cfdc0f0936bb2c17b9afd7c5d5a9]
  ignore line: [COLLECT_GCC_OPTIONS='-v' '-o' 'CMakeFiles/cmTC_83c31.dir/CMakeCCompilerABI.c.o' '-c'  '-mfloat-abi=hard' '-mfpu=vfpv3-d16' '-mthumb' '-mtls-dialect=gnu' '-march=armv7-a+fp']
  ignore line: [ /usr/lib/gcc-cross/arm-linux-gnueabihf/9/../../../../arm-linux-gnueabihf/bin/as -v -march=armv7-a -mfloat-abi=hard -mfpu=vfpv3-d16 -meabi=5 -o CMakeFiles/cmTC_83c31.dir/CMakeCCompilerABI.c.o /tmp/cc2J5JbF.s]
  ignore line: [GNU assembler version 2.34 (arm-linux-gnueabihf) using BFD version (GNU Binutils for Ubuntu) 2.34]
  ignore line: [COMPILER_PATH=/usr/lib/gcc-cross/arm-linux-gnueabihf/9/:/usr/lib/gcc-cross/arm-linux-gnueabihf/9/:/usr/lib/gcc-cross/arm-linux-gnueabihf/:/usr/lib/gcc-cross/arm-linux-gnueabihf/9/:/usr/lib/gcc-cross/arm-linux-gnueabihf/:/usr/lib/gcc-cross/arm-linux-gnueabihf/9/../../../../arm-linux-gnueabihf/bin/]
  ignore line: [LIBRARY_PATH=/usr/lib/gcc-cross/arm-linux-gnueabihf/9/:/usr/lib/gcc-cross/arm-linux-gnueabihf/9/../../../../arm-linux-gnueabihf/lib/../lib/:/lib/arm-linux-gnueabihf/:/lib/../lib/:/usr/lib/arm-linux-gnueabihf/:/usr/lib/../lib/:/usr/lib/gcc-cross/arm-linux-gnueabihf/9/../../../../arm-linux-gnueabihf/lib/:/lib/:/usr/lib/]
  ignore line: [COLLECT_GCC_OPTIONS='-v' '-o' 'CMakeFiles/cmTC_83c31.dir/CMakeCCompilerABI.c.o' '-c'  '-mfloat-abi=hard' '-mfpu=vfpv3-d16' '-mthumb' '-mtls-dialect=gnu' '-march=armv7-a+fp']
  ignore line: [Linking C executable cmTC_83c31]
  ignore line: [/usr/bin/cmake -E cmake_link_script CMakeFiles/cmTC_83c31.dir/link.txt --verbose=1]
  ignore line: [/usr/bin/arm-linux-gnueabihf-gcc     -v CMakeFiles/cmTC_83c31.dir/CMakeCCompilerABI.c.o  -o cmTC_83c31 ]
  ignore line: [Using built-in specs.]
  ignore line: [COLLECT_GCC=/usr/bin/arm-linux-gnueabihf-gcc]
  ignore line: [COLLECT_LTO_WRAPPER=/usr/lib/gcc-cross/arm-linux-gnueabihf/9/lto-wrapper]
  ignore line: [Target: arm-linux-gnueabihf]
  ignore line: [Configured with: ../src/configure -v --with-pkgversion='Ubuntu 9.4.0-1ubuntu1~20.04.2' --with-bugurl=file:///usr/share/doc/gcc-9/README.Bugs --enable-languages=c ada c++ go d fortran objc obj-c++ gm2 --prefix=/usr --with-gcc-major-version-only --program-suffix=-9 --enable-shared --enable-linker-build-id --libexecdir=/usr/lib --without-included-gettext --enable-threads=posix --libdir=/usr/lib --enable-nls --with-sysroot=/ --enable-clocale=gnu --enable-libstdcxx-debug --enable-libstdcxx-time=yes --with-default-libstdcxx-abi=new --enable-gnu-unique-object --disable-libitm --disable-libquadmath --disable-libquadmath-support --enable-plugin --enable-default-pie --with-system-zlib --without-target-system-zlib --enable-libpth-m2 --enable-multiarch --enable-multilib --disable-sjlj-exceptions --with-arch=armv7-a --with-fpu=vfpv3-d16 --with-float=hard --with-mode=thumb --disable-werror --enable-multilib --enable-checking=release --build=x86_64-linux-gnu --host=x86_64-linux-gnu --target=arm-linux-gnueabihf --program-prefix=arm-linux-gnueabihf- --includedir=/usr/arm-linux-gnueabihf/include]
  ignore line: [Thread model: posix]
  ignore line: [gcc version 9.4.0 (Ubuntu 9.4.0-1ubuntu1~20.04.2) ]
  ignore line: [COMPILER_PATH=/usr/lib/gcc-cross/arm-linux-gnueabihf/9/:/usr/lib/gcc-cross/arm-linux-gnueabihf/9/:/usr/lib/gcc-cross/arm-linux-gnueabihf/:/usr/lib/gcc-cross/arm-linux-gnueabihf/9/:/usr/lib/gcc-cross/arm-linux-gnueabihf/:/usr/lib/gcc-cross/arm-linux-gnueabihf/9/../../../../arm-linux-gnueabihf/bin/]
  ignore line: [LIBRARY_PATH=/usr/lib/gcc-cross/arm-linux-gnueabihf/9/:/usr/lib/gcc-cross/arm-linux-gnueabihf/9/../../../../arm-linux-gnueabihf/lib/../lib/:/lib/arm-linux-gnueabihf/:/lib/../lib/:/usr/lib/arm-linux-gnueabihf/:/usr/lib/../lib/:/usr/lib/gcc-cross/arm-linux-gnueabihf/9/../../../../arm-linux-gnueabihf/lib/:/lib/:/usr/lib/]
  ignore line: [COLLECT_GCC_OPTIONS='-v' '-o' 'cmTC_83c31'  '-mfloat-abi=hard' '-mfpu=vfpv3-d16' '-mthumb' '-mtls-dialect=gnu' '-march=armv7-a+fp']
  link line: [ /usr/lib/gcc-cross/arm-linux-gnueabihf/9/collect2 -plugin /usr/lib/gcc-cross/arm-linux-gnueabihf/9/liblto_plugin.so -plugin-opt=/usr/lib/gcc-cross/arm-linux-gnueabihf/9/lto-wrapper -plugin-opt=-fresolution=/tmp/ccnqzMIZ.res -plugin-opt=-pass-through=-lgcc -plugin-opt=-pass-through=-lgcc_s -plugin-opt=-pass-through=-lc -plugin-opt=-pass-through=-lgcc -plugin-opt=-pass-through=-lgcc_s --sysroot=/ --build-id --eh-frame-hdr -dynamic-linker /lib/ld-linux-armhf.so.3 -X --hash-style=gnu --as-needed -m armelf_linux_eabi -pie -z now -z relro -o cmTC_83c31 /usr/lib/gcc-cross/arm-linux-gnueabihf/9/../../../../arm-linux-gnueabihf/lib/../lib/Scrt1.o /usr/lib/gcc-cross/arm-linux-gnueabihf/9/../../../../arm-linux-gnueabihf/lib/../lib/crti.o /usr/lib/gcc-cross/arm-linux-gnueabihf/9/crtbeginS.o -L/usr/lib/gcc-cross/arm-linux-gnueabihf/9 -L/usr/lib/gcc-cross/arm-linux-gnueabihf/9/../../../../arm-linux-gnueabihf/lib/../lib -L/lib/arm-linux-gnueabihf -L/lib/../lib -L/usr/lib/arm-linux-gnueabihf -L/usr/lib/../lib -L/usr/lib/gcc-cross/arm-linux-gnueabihf/9/../../../../arm-linux-gnueabihf/lib CMakeFiles/cmTC_83c31.dir/CMakeCCompilerABI.c.o -lgcc --push-state --as-needed -lgcc_s --pop-state -lc -lgcc --push-state --as-needed -lgcc_s --pop-state /usr/lib/gcc-cross/arm-linux-gnueabihf/9/crtendS.o /usr/lib/gcc-cross/arm-linux-gnueabihf/9/../../../../arm-linux-gnueabihf/lib/../lib/crtn.o]
    arg [/usr/lib/gcc-cross/arm-linux-gnueabihf/9/collect2] ==> ignore
    arg [-plugin] ==> ignore
    arg [/usr/lib/gcc-cross/arm-linux-gnueabihf/9/liblto_plugin.so] ==> ignore
    arg [-plugin-opt=/usr/lib/gcc-cross/arm-linux-gnueabihf/9/lto-wrapper] ==> ignore
    arg [-plugin-opt=-fresolution=/tmp/ccnqzMIZ.res] ==> ignore
    arg [-plugin-opt=-pass-through=-lgcc] ==> ignore
    arg [-plugin-opt=-pass-through=-lgcc_s] ==> ignore
    arg [-plugin-opt=-pass-through=-lc] ==> ignore
    arg [-plugin-opt=-pass-through=-lgcc] ==> ignore
    arg [-plugin-opt=-pass-through=-lgcc_s] ==> ignore
    arg [--sysroot=/] ==> ignore
    arg [--build-id] ==> ignore
    arg [--eh-frame-hdr] ==> ignore
    arg [-dynamic-linker] ==> ignore
    arg [/lib/ld-linux-armhf.so.3] ==> ignore
    arg [-X] ==> ignore
    arg [--hash-style=gnu] ==> ignore
    arg [--as-needed] ==> ignore
    arg [-m] ==> ignore
    arg [armelf_linux_eabi] ==> ignore
    arg [-pie] ==> ignore
    arg [-znow] ==> ignore
    arg [-zrelro] ==> ignore
    arg [-o] ==> ignore
    arg [cmTC_83c31] ==> ignore
    arg [/usr/lib/gcc-cross/arm-linux-gnueabihf/9/../../../../arm-linux-gnueabihf/lib/../lib/Scrt1.o] ==> ignore
    arg [/usr/lib/gcc-cross/arm-linux-gnueabihf/9/../../../../arm-linux-gnueabihf/lib/../lib/crti.o] ==> ignore
    arg [/usr/lib/gcc-cross/arm-linux-gnueabihf/9/crtbeginS.o] ==> ignore
    arg [-L/usr/lib/gcc-cross/arm-linux-gnueabihf/9] ==> dir [/usr/lib/gcc-cross/arm-linux-gnueabihf/9]
    arg [-L/usr/lib/gcc-cross/arm-linux-gnueabihf/9/../../../../arm-linux-gnueabihf/lib/../lib] ==> dir [/usr/lib/gcc-cross/arm-linux-gnueabihf/9/../../../../arm-linux-gnueabihf/lib/../lib]
    arg [-L/lib/arm-linux-gnueabihf] ==> dir [/lib/arm-linux-gnueabihf]
    arg [-L/lib/../lib] ==> dir [/lib/../lib]
    arg [-L/usr/lib/arm-linux-gnueabihf] ==> dir [/usr/lib/arm-linux-gnueabihf]
    arg [-L/usr/lib/../lib] ==> dir [/usr/lib/../lib]
    arg [-L/usr/lib/gcc-cross/arm-linux-gnueabihf/9/../../../../arm-linux-gnueabihf/lib] ==> dir [/usr/lib/gcc-cross/arm-linux-gnueabihf/9/../../../../arm-linux-gnueabihf/lib]
    arg [CMakeFiles/cmTC_83c31.dir/CMakeCCompilerABI.c.o] ==> ignore
    arg [-lgcc] ==> lib [gcc]
    arg [--push-state] ==> ignore
    arg [--as-needed] ==> ignore
    arg [-lgcc_s] ==> lib [gcc_s]
    arg [--pop-state] ==> ignore
    arg [-lc] ==> lib [c]
    arg [-lgcc] ==> lib [gcc]
    arg [--push-state] ==> ignore
    arg [--as-needed] ==> ignore
    arg [-lgcc_s] ==> lib [gcc_s]
    arg [--pop-state] ==> ignore
    arg [/usr/lib/gcc-cross/arm-linux-gnueabihf/9/crtendS.o] ==> ignore
    arg [/usr/lib/gcc-cross/arm-linux-gnueabihf/9/../../../../arm-linux-gnueabihf/lib/../lib/crtn.o] ==> ignore
  collapse library dir [/usr/lib/gcc-cross/arm-linux-gnueabihf/9] ==> [/usr/lib/gcc-cross/arm-linux-gnueabihf/9]
  collapse library dir [/usr/lib/gcc-cross/arm-linux-gnueabihf/9/../../../../arm-linux-gnueabihf/lib/../lib] ==> [/usr/arm-linux-gnueabihf/lib]
  collapse library dir [/lib/arm-linux-gnueabihf] ==> [/lib/arm-linux-gnueabihf]
  collapse library dir [/lib/../lib] ==> [/lib]
  collapse library dir [/usr/lib/arm-linux-gnueabihf] ==> [/usr/lib/arm-linux-gnueabihf]
  collapse library dir [/usr/lib/../lib] ==> [/usr/lib]
  collapse library dir [/usr/lib/gcc-cross/arm-linux-gnueabihf/9/../../../../arm-linux-gnueabihf/lib] ==> [/usr/arm-linux-gnueabihf/lib]
  implicit libs: [gcc;gcc_s;c;gcc;gcc_s]
  implicit dirs: [/usr/lib/gcc-cross/arm-linux-gnueabihf/9;/usr/arm-linux-gnueabihf/lib;/lib/arm-linux-gnueabihf;/lib;/usr/lib/arm-linux-gnueabihf;/usr/lib]
  implicit fwks: []


Determining if the CXX compiler works passed with the following output:
Change Dir: /home/user/Aqua-Vector-ControlCenter/build/CMakeFiles/CMakeTmp

Run Build Command(s):/usr/bin/make cmTC_95427/fast && /usr/bin/make -f CMakeFiles/cmTC_95427.dir/build.make CMakeFiles/cmTC_95427.dir/build
make[1]: Entering directory '/home/user/Aqua-Vector-ControlCenter/build/CMakeFiles/CMakeTmp'
Building CXX object CMakeFiles/cmTC_95427.dir/testCXXCompiler.cxx.o
/tools/Xilinx/Vitis/2022.1/gnu/aarch32/lin/gcc-arm-linux-gnueabi/bin/arm-linux-gnueabihf-g++     -o CMakeFiles/cmTC_95427.dir/testCXXCompiler.cxx.o -c /home/user/Aqua-Vector-ControlCenter/build/CMakeFiles/CMakeTmp/testCXXCompiler.cxx
Linking CXX executable cmTC_95427
/usr/bin/cmake -E cmake_link_script CMakeFiles/cmTC_95427.dir/link.txt --verbose=1
/tools/Xilinx/Vitis/2022.1/gnu/aarch32/lin/gcc-arm-linux-gnueabi/bin/arm-linux-gnueabihf-g++       CMakeFiles/cmTC_95427.dir/testCXXCompiler.cxx.o  -o cmTC_95427 
make[1]: Leaving directory '/home/user/Aqua-Vector-ControlCenter/build/CMakeFiles/CMakeTmp'



Detecting CXX compiler ABI info compiled with the following output:
Change Dir: /home/user/Aqua-Vector-ControlCenter/build/CMakeFiles/CMakeTmp

Run Build Command(s):/usr/bin/make cmTC_43240/fast && /usr/bin/make -f CMakeFiles/cmTC_43240.dir/build.make CMakeFiles/cmTC_43240.dir/build
make[1]: Entering directory '/home/user/Aqua-Vector-ControlCenter/build/CMakeFiles/CMakeTmp'
Building CXX object CMakeFiles/cmTC_43240.dir/CMakeCXXCompilerABI.cpp.o
/tools/Xilinx/Vitis/2022.1/gnu/aarch32/lin/gcc-arm-linux-gnueabi/bin/arm-linux-gnueabihf-g++    -v -o CMakeFiles/cmTC_43240.dir/CMakeCXXCompilerABI.cpp.o -c /usr/share/cmake-3.16/Modules/CMakeCXXCompilerABI.cpp
Using built-in specs.
COLLECT_GCC=/tools/Xilinx/Vitis/2022.1/gnu/aarch32/lin/gcc-arm-linux-gnueabi/bin/../x86_64-petalinux-linux/usr/bin/arm-xilinx-linux-gnueabi/arm-xilinx-linux-gnueabi-g++.real
Target: arm-xilinx-linux-gnueabi
Configured with: ../../../../../../work-shared/gcc-11.2.0-r0/gcc-11.2.0/configure --build=x86_64-linux --host=x86_64-petalinux-linux --target=arm-xilinx-linux-gnueabi --prefix=/usr/local/oe-sdk-hardcoded-buildpath/sysroots/x86_64-petalinux-linux/usr --exec_prefix=/usr/local/oe-sdk-hardcoded-buildpath/sysroots/x86_64-petalinux-linux/usr --bindir=/usr/local/oe-sdk-hardcoded-buildpath/sysroots/x86_64-petalinux-linux/usr/bin/arm-xilinx-linux-gnueabi --sbindir=/usr/local/oe-sdk-hardcoded-buildpath/sysroots/x86_64-petalinux-linux/usr/bin/arm-xilinx-linux-gnueabi --libexecdir=/usr/local/oe-sdk-hardcoded-buildpath/sysroots/x86_64-petalinux-linux/usr/libexec/arm-xilinx-linux-gnueabi --datadir=/usr/local/oe-sdk-hardcoded-buildpath/sysroots/x86_64-petalinux-linux/usr/share --sysconfdir=/usr/local/oe-sdk-hardcoded-buildpath/sysroots/x86_64-petalinux-linux/etc --sharedstatedir=/usr/local/oe-sdk-hardcoded-buildpath/sysroots/x86_64-petalinux-linux/com --localstatedir=/usr/local/oe-sdk-hardcoded-buildpath/sysroots/x86_64-petalinux-linux/var --libdir=/usr/local/oe-sdk-hardcoded-buildpath/sysroots/x86_64-petalinux-linux/usr/lib/arm-xilinx-linux-gnueabi --includedir=/usr/local/oe-sdk-hardcoded-buildpath/sysroots/x86_64-petalinux-linux/usr/include --oldincludedir=/usr/local/oe-sdk-hardcoded-buildpath/sysroots/x86_64-petalinux-linux/usr/include --infodir=/usr/local/oe-sdk-hardcoded-buildpath/sysroots/x86_64-petalinux-linux/usr/share/info --mandir=/usr/local/oe-sdk-hardcoded-buildpath/sysroots/x86_64-petalinux-linux/usr/share/man --disable-silent-rules --disable-dependency-tracking --with-libtool-sysroot=/scratch/mhatle/git/internal/2022/build-toolchain/tmp/work/x86_64-nativesdk-petalinux-linux/gcc-cross-canadian-arm/11.2.0-r0/recipe-sysroot --with-gnu-ld --enable-shared --enable-languages=c,c++ --enable-threads=posix --enable-multilib --enable-default-pie --enable-c99 --enable-long-long --enable-symvers=gnu --enable-libstdcxx-pch --program-prefix=arm-xilinx-linux-gnueabi- --without-local-prefix --disable-install-libiberty --disable-libssp --enable-libitm --enable-lto --disable-bootstrap --with-system-zlib --with-linker-hash-style=gnu --enable-linker-build-id --with-ppl=no --with-cloog=no --enable-checking=release --enable-cheaders=c_global --without-isl --with-gxx-include-dir=/not/exist/usr/include/c++/11.2.0 --with-build-time-tools=/scratch/mhatle/git/internal/2022/build-toolchain/tmp/work/x86_64-nativesdk-petalinux-linux/gcc-cross-canadian-arm/11.2.0-r0/recipe-sysroot-native/usr/arm-xilinx-linux-gnueabi/bin --with-sysroot=/not/exist --with-build-sysroot=/scratch/mhatle/git/internal/2022/build-toolchain/tmp/work/x86_64-nativesdk-petalinux-linux/gcc-cross-canadian-arm/11.2.0-r0/recipe-sysroot --enable-standard-branch-protection --enable-poison-system-directories --disable-static --enable-nls --with-glibc-version=2.28 --enable-initfini-array
Thread model: posix
Supported LTO compression algorithms: zlib zstd
gcc version 11.2.0 (GCC) 
COLLECT_GCC_OPTIONS='--sysroot=/tools/Xilinx/Vitis/2022.1/gnu/aarch32/lin/gcc-arm-linux-gnueabi/bin/../cortexa9t2hf-neon-xilinx-linux-gnueabi' '-v' '-o' 'CMakeFiles/cmTC_43240.dir/CMakeCXXCompilerABI.cpp.o' '-c' '-mfpu=neon' '-mfloat-abi=hard' '-shared-libgcc' '-mcpu=arm10tdmi' '-mtls-dialect=gnu' '-marm' '-mlibarch=armv5t' '-march=armv5t' '-dumpdir' 'CMakeFiles/cmTC_43240.dir/'
 /tools/Xilinx/Vitis/2022.1/gnu/aarch32/lin/gcc-arm-linux-gnueabi/x86_64-petalinux-linux/usr/bin/arm-xilinx-linux-gnueabi/../../libexec/arm-xilinx-linux-gnueabi/gcc/arm-xilinx-linux-gnueabi/11.2.0/cc1plus -quiet -v -iprefix /tools/Xilinx/Vitis/2022.1/gnu/aarch32/lin/gcc-arm-linux-gnueabi/x86_64-petalinux-linux/usr/bin/arm-xilinx-linux-gnueabi/../../lib/arm-xilinx-linux-gnueabi/gcc/arm-xilinx-linux-gnueabi/11.2.0/ -isysroot /tools/Xilinx/Vitis/2022.1/gnu/aarch32/lin/gcc-arm-linux-gnueabi/bin/../cortexa9t2hf-neon-xilinx-linux-gnueabi -D_GNU_SOURCE /usr/share/cmake-3.16/Modules/CMakeCXXCompilerABI.cpp -quiet -dumpdir CMakeFiles/cmTC_43240.dir/ -dumpbase CMakeCXXCompilerABI.cpp.cpp -dumpbase-ext .cpp -mfpu=neon -mfloat-abi=hard -mcpu=arm10tdmi -mtls-dialect=gnu -marm -mlibarch=armv5t -march=armv5t -version -o /tmp/ccY1kD8R.s
GNU C++17 (GCC) version 11.2.0 (arm-xilinx-linux-gnueabi)
	compiled by GNU C version 11.2.0, GMP version 6.2.1, MPFR version 4.1.0, MPC version 1.2.1, isl version none
GGC heuristics: --param ggc-min-expand=100 --param ggc-min-heapsize=131072
ignoring nonexistent directory "/tools/Xilinx/Vitis/2022.1/gnu/aarch32/lin/gcc-arm-linux-gnueabi/x86_64-petalinux-linux/usr/bin/arm-xilinx-linux-gnueabi/../../lib/arm-xilinx-linux-gnueabi/gcc/arm-xilinx-linux-gnueabi/11.2.0/../../../../../arm-xilinx-linux-gnueabi/include"
ignoring duplicate directory "/tools/Xilinx/Vitis/2022.1/gnu/aarch32/lin/gcc-arm-linux-gnueabi/x86_64-petalinux-linux/usr/bin/arm-xilinx-linux-gnueabi/../../lib/arm-xilinx-linux-gnueabi/gcc/../../../lib/arm-xilinx-linux-gnueabi/gcc/arm-xilinx-linux-gnueabi/11.2.0/include"
ignoring nonexistent directory "/tools/Xilinx/Vitis/2022.1/gnu/aarch32/lin/gcc-arm-linux-gnueabi/bin/../cortexa9t2hf-neon-xilinx-linux-gnueabi/usr/lib/arm-xilinx-linux-gnueabi/11.2.0/include"
ignoring nonexistent directory "/tools/Xilinx/Vitis/2022.1/gnu/aarch32/lin/gcc-arm-linux-gnueabi/bin/../cortexa9t2hf-neon-xilinx-linux-gnueabi/usr/local/include"
ignoring duplicate directory "/tools/Xilinx/Vitis/2022.1/gnu/aarch32/lin/gcc-arm-linux-gnueabi/x86_64-petalinux-linux/usr/bin/arm-xilinx-linux-gnueabi/../../lib/arm-xilinx-linux-gnueabi/gcc/../../../lib/arm-xilinx-linux-gnueabi/gcc/arm-xilinx-linux-gnueabi/11.2.0/include-fixed"
ignoring nonexistent directory "/tools/Xilinx/Vitis/2022.1/gnu/aarch32/lin/gcc-arm-linux-gnueabi/x86_64-petalinux-linux/usr/bin/arm-xilinx-linux-gnueabi/../../lib/arm-xilinx-linux-gnueabi/gcc/../../../lib/arm-xilinx-linux-gnueabi/gcc/arm-xilinx-linux-gnueabi/11.2.0/../../../../../arm-xilinx-linux-gnueabi/include"
#include "..." search starts here:
#include <...> search starts here:
 /tools/Xilinx/Vitis/2022.1/gnu/aarch32/lin/gcc-arm-linux-gnueabi/x86_64-petalinux-linux/usr/bin/arm-xilinx-linux-gnueabi/../../lib/arm-xilinx-linux-gnueabi/gcc/arm-xilinx-linux-gnueabi/11.2.0/include
 /tools/Xilinx/Vitis/2022.1/gnu/aarch32/lin/gcc-arm-linux-gnueabi/x86_64-petalinux-linux/usr/bin/arm-xilinx-linux-gnueabi/../../lib/arm-xilinx-linux-gnueabi/gcc/arm-xilinx-linux-gnueabi/11.2.0/include-fixed
 /tools/Xilinx/Vitis/2022.1/gnu/aarch32/lin/gcc-arm-linux-gnueabi/bin/../cortexa9t2hf-neon-xilinx-linux-gnueabi/usr/include/c++/11.2.0
 /tools/Xilinx/Vitis/2022.1/gnu/aarch32/lin/gcc-arm-linux-gnueabi/bin/../cortexa9t2hf-neon-xilinx-linux-gnueabi/usr/include/c++/11.2.0/arm-xilinx-linux-gnueabi
 /tools/Xilinx/Vitis/2022.1/gnu/aarch32/lin/gcc-arm-linux-gnueabi/bin/../cortexa9t2hf-neon-xilinx-linux-gnueabi/usr/include/c++/11.2.0/backward
 /tools/Xilinx/Vitis/2022.1/gnu/aarch32/lin/gcc-arm-linux-gnueabi/bin/../cortexa9t2hf-neon-xilinx-linux-gnueabi/usr/include/
End of search list.
GNU C++17 (GCC) version 11.2.0 (arm-xilinx-linux-gnueabi)
	compiled by GNU C version 11.2.0, GMP version 6.2.1, MPFR version 4.1.0, MPC version 1.2.1, isl version none
GGC heuristics: --param ggc-min-expand=100 --param ggc-min-heapsize=131072
Compiler executable checksum: 0ac27323bcaeaa89b7543611e9043aa8
COLLECT_GCC_OPTIONS='--sysroot=/tools/Xilinx/Vitis/2022.1/gnu/aarch32/lin/gcc-arm-linux-gnueabi/bin/../cortexa9t2hf-neon-xilinx-linux-gnueabi' '-v' '-o' 'CMakeFiles/cmTC_43240.dir/CMakeCXXCompilerABI.cpp.o' '-c' '-mfpu=neon' '-mfloat-abi=hard' '-shared-libgcc' '-mcpu=arm10tdmi' '-mtls-dialect=gnu' '-marm' '-mlibarch=armv5t' '-march=armv5t' '-dumpdir' 'CMakeFiles/cmTC_43240.dir/'
 /tools/Xilinx/Vitis/2022.1/gnu/aarch32/lin/gcc-arm-linux-gnueabi/x86_64-petalinux-linux/usr/bin/arm-xilinx-linux-gnueabi/../../libexec/arm-xilinx-linux-gnueabi/gcc/arm-xilinx-linux-gnueabi/11.2.0/as -v -march=armv5t -mfloat-abi=hard -mfpu=neon -meabi=5 -o CMakeFiles/cmTC_43240.dir/CMakeCXXCompilerABI.cpp.o /tmp/ccY1kD8R.s
GNU assembler version 2.37 (arm-xilinx-linux-gnueabi) using BFD version (GNU Binutils) 2.37.20210721
COMPILER_PATH=/tools/Xilinx/Vitis/2022.1/gnu/aarch32/lin/gcc-arm-linux-gnueabi/x86_64-petalinux-linux/usr/bin/arm-xilinx-linux-gnueabi/../../libexec/arm-xilinx-linux-gnueabi/gcc/arm-xilinx-linux-gnueabi/11.2.0/:/tools/Xilinx/Vitis/2022.1/gnu/aarch32/lin/gcc-arm-linux-gnueabi/x86_64-petalinux-linux/usr/bin/arm-xilinx-linux-gnueabi/../../libexec/arm-xilinx-linux-gnueabi/gcc/
LIBRARY_PATH=/tools/Xilinx/Vitis/2022.1/gnu/aarch32/lin/gcc-arm-linux-gnueabi/x86_64-petalinux-linux/usr/bin/arm-xilinx-linux-gnueabi/../../lib/arm-xilinx-linux-gnueabi/gcc/arm-xilinx-linux-gnueabi/11.2.0/:/tools/Xilinx/Vitis/2022.1/gnu/aarch32/lin/gcc-arm-linux-gnueabi/x86_64-petalinux-linux/usr/bin/arm-xilinx-linux-gnueabi/../../lib/arm-xilinx-linux-gnueabi/gcc/:/tools/Xilinx/Vitis/2022.1/gnu/aarch32/lin/gcc-arm-linux-gnueabi/bin/../cortexa9t2hf-neon-xilinx-linux-gnueabi/lib/:/tools/Xilinx/Vitis/2022.1/gnu/aarch32/lin/gcc-arm-linux-gnueabi/bin/../cortexa9t2hf-neon-xilinx-linux-gnueabi/usr/lib/arm-xilinx-linux-gnueabi/11.2.0/:/tools/Xilinx/Vitis/2022.1/gnu/aarch32/lin/gcc-arm-linux-gnueabi/bin/../cortexa9t2hf-neon-xilinx-linux-gnueabi/usr/lib/
COLLECT_GCC_OPTIONS='--sysroot=/tools/Xilinx/Vitis/2022.1/gnu/aarch32/lin/gcc-arm-linux-gnueabi/bin/../cortexa9t2hf-neon-xilinx-linux-gnueabi' '-v' '-o' 'CMakeFiles/cmTC_43240.dir/CMakeCXXCompilerABI.cpp.o' '-c' '-mfpu=neon' '-mfloat-abi=hard' '-shared-libgcc' '-mcpu=arm10tdmi' '-mtls-dialect=gnu' '-marm' '-mlibarch=armv5t' '-march=armv5t' '-dumpdir' 'CMakeFiles/cmTC_43240.dir/CMakeCXXCompilerABI.cpp.'
Linking CXX executable cmTC_43240
/usr/bin/cmake -E cmake_link_script CMakeFiles/cmTC_43240.dir/link.txt --verbose=1
/tools/Xilinx/Vitis/2022.1/gnu/aarch32/lin/gcc-arm-linux-gnueabi/bin/arm-linux-gnueabihf-g++      -v CMakeFiles/cmTC_43240.dir/CMakeCXXCompilerABI.cpp.o  -o cmTC_43240 
Using built-in specs.
COLLECT_GCC=/tools/Xilinx/Vitis/2022.1/gnu/aarch32/lin/gcc-arm-linux-gnueabi/bin/../x86_64-petalinux-linux/usr/bin/arm-xilinx-linux-gnueabi/arm-xilinx-linux-gnueabi-g++.real
COLLECT_LTO_WRAPPER=/tools/Xilinx/Vitis/2022.1/gnu/aarch32/lin/gcc-arm-linux-gnueabi/x86_64-petalinux-linux/usr/bin/arm-xilinx-linux-gnueabi/../../libexec/arm-xilinx-linux-gnueabi/gcc/arm-xilinx-linux-gnueabi/11.2.0/lto-wrapper
Target: arm-xilinx-linux-gnueabi
Configured with: ../../../../../../work-shared/gcc-11.2.0-r0/gcc-11.2.0/configure --build=x86_64-linux --host=x86_64-petalinux-linux --target=arm-xilinx-linux-gnueabi --prefix=/usr/local/oe-sdk-hardcoded-buildpath/sysroots/x86_64-petalinux-linux/usr --exec_prefix=/usr/local/oe-sdk-hardcoded-buildpath/sysroots/x86_64-petalinux-linux/usr --bindir=/usr/local/oe-sdk-hardcoded-buildpath/sysroots/x86_64-petalinux-linux/usr/bin/arm-xilinx-linux-gnueabi --sbindir=/usr/local/oe-sdk-hardcoded-buildpath/sysroots/x86_64-petalinux-linux/usr/bin/arm-xilinx-linux-gnueabi --libexecdir=/usr/local/oe-sdk-hardcoded-buildpath/sysroots/x86_64-petalinux-linux/usr/libexec/arm-xilinx-linux-gnueabi --datadir=/usr/local/oe-sdk-hardcoded-buildpath/sysroots/x86_64-petalinux-linux/usr/share --sysconfdir=/usr/local/oe-sdk-hardcoded-buildpath/sysroots/x86_64-petalinux-linux/etc --sharedstatedir=/usr/local/oe-sdk-hardcoded-buildpath/sysroots/x86_64-petalinux-linux/com --localstatedir=/usr/local/oe-sdk-hardcoded-buildpath/sysroots/x86_64-petalinux-linux/var --libdir=/usr/local/oe-sdk-hardcoded-buildpath/sysroots/x86_64-petalinux-linux/usr/lib/arm-xilinx-linux-gnueabi --includedir=/usr/local/oe-sdk-hardcoded-buildpath/sysroots/x86_64-petalinux-linux/usr/include --oldincludedir=/usr/local/oe-sdk-hardcoded-buildpath/sysroots/x86_64-petalinux-linux/usr/include --infodir=/usr/local/oe-sdk-hardcoded-buildpath/sysroots/x86_64-petalinux-linux/usr/share/info --mandir=/usr/local/oe-sdk-hardcoded-buildpath/sysroots/x86_64-petalinux-linux/usr/share/man --disable-silent-rules --disable-dependency-tracking --with-libtool-sysroot=/scratch/mhatle/git/internal/2022/build-toolchain/tmp/work/x86_64-nativesdk-petalinux-linux/gcc-cross-canadian-arm/11.2.0-r0/recipe-sysroot --with-gnu-ld --enable-shared --enable-languages=c,c++ --enable-threads=posix --enable-multilib --enable-default-pie --enable-c99 --enable-long-long --enable-symvers=gnu --enable-libstdcxx-pch --program-prefix=arm-xilinx-linux-gnueabi- --without-local-prefix --disable-install-libiberty --disable-libssp --enable-libitm --enable-lto --disable-bootstrap --with-system-zlib --with-linker-hash-style=gnu --enable-linker-build-id --with-ppl=no --with-cloog=no --enable-checking=release --enable-cheaders=c_global --without-isl --with-gxx-include-dir=/not/exist/usr/include/c++/11.2.0 --with-build-time-tools=/scratch/mhatle/git/internal/2022/build-toolchain/tmp/work/x86_64-nativesdk-petalinux-linux/gcc-cross-canadian-arm/11.2.0-r0/recipe-sysroot-native/usr/arm-xilinx-linux-gnueabi/bin --with-sysroot=/not/exist --with-build-sysroot=/scratch/mhatle/git/internal/2022/build-toolchain/tmp/work/x86_64-nativesdk-petalinux-linux/gcc-cross-canadian-arm/11.2.0-r0/recipe-sysroot --enable-standard-branch-protection --enable-poison-system-directories --disable-static --enable-nls --with-glibc-version=2.28 --enable-initfini-array
Thread model: posix
Supported LTO compression algorithms: zlib zstd
gcc version 11.2.0 (GCC) 
COMPILER_PATH=/tools/Xilinx/Vitis/2022.1/gnu/aarch32/lin/gcc-arm-linux-gnueabi/x86_64-petalinux-linux/usr/bin/arm-xilinx-linux-gnueabi/../../libexec/arm-xilinx-linux-gnueabi/gcc/arm-xilinx-linux-gnueabi/11.2.0/:/tools/Xilinx/Vitis/2022.1/gnu/aarch32/lin/gcc-arm-linux-gnueabi/x86_64-petalinux-linux/usr/bin/arm-xilinx-linux-gnueabi/../../libexec/arm-xilinx-linux-gnueabi/gcc/
LIBRARY_PATH=/tools/Xilinx/Vitis/2022.1/gnu/aarch32/lin/gcc-arm-linux-gnueabi/x86_64-petalinux-linux/usr/bin/arm-xilinx-linux-gnueabi/../../lib/arm-xilinx-linux-gnueabi/gcc/arm-xilinx-linux-gnueabi/11.2.0/:/tools/Xilinx/Vitis/2022.1/gnu/aarch32/lin/gcc-arm-linux-gnueabi/x86_64-petalinux-linux/usr/bin/arm-xilinx-linux-gnueabi/../../lib/arm-xilinx-linux-gnueabi/gcc/:/tools/Xilinx/Vitis/2022.1/gnu/aarch32/lin/gcc-arm-linux-gnueabi/bin/../cortexa9t2hf-neon-xilinx-linux-gnueabi/lib/:/tools/Xilinx/Vitis/2022.1/gnu/aarch32/lin/gcc-arm-linux-gnueabi/bin/../cortexa9t2hf-neon-xilinx-linux-gnueabi/usr/lib/arm-xilinx-linux-gnueabi/11.2.0/:/tools/Xilinx/Vitis/2022.1/gnu/aarch32/lin/gcc-arm-linux-gnueabi/bin/../cortexa9t2hf-neon-xilinx-linux-gnueabi/usr/lib/
COLLECT_GCC_OPTIONS='--sysroot=/tools/Xilinx/Vitis/2022.1/gnu/aarch32/lin/gcc-arm-linux-gnueabi/bin/../cortexa9t2hf-neon-xilinx-linux-gnueabi' '-v' '-o' 'cmTC_43240' '-mfpu=neon' '-mfloat-abi=hard' '-shared-libgcc' '-mcpu=arm10tdmi' '-mtls-dialect=gnu' '-marm' '-mlibarch=armv5t' '-march=armv5t' '-dumpdir' 'cmTC_43240.'
 /tools/Xilinx/Vitis/2022.1/gnu/aarch32/lin/gcc-arm-linux-gnueabi/x86_64-petalinux-linux/usr/bin/arm-xilinx-linux-gnueabi/../../libexec/arm-xilinx-linux-gnueabi/gcc/arm-xilinx-linux-gnueabi/11.2.0/collect2 -plugin /tools/Xilinx/Vitis/2022.1/gnu/aarch32/lin/gcc-arm-linux-gnueabi/x86_64-petalinux-linux/usr/bin/arm-xilinx-linux-gnueabi/../../libexec/arm-xilinx-linux-gnueabi/gcc/arm-xilinx-linux-gnueabi/11.2.0/liblto_plugin.so -plugin-opt=/tools/Xilinx/Vitis/2022.1/gnu/aarch32/lin/gcc-arm-linux-gnueabi/x86_64-petalinux-linux/usr/bin/arm-xilinx-linux-gnueabi/../../libexec/arm-xilinx-linux-gnueabi/gcc/arm-xilinx-linux-gnueabi/11.2.0/lto-wrapper -plugin-opt=-fresolution=/tmp/ccl0tX4F.res -plugin-opt=-pass-through=-lgcc_s -plugin-opt=-pass-through=-lgcc -plugin-opt=-pass-through=-lc -plugin-opt=-pass-through=-lgcc_s -plugin-opt=-pass-through=-lgcc --sysroot=/tools/Xilinx/Vitis/2022.1/gnu/aarch32/lin/gcc-arm-linux-gnueabi/bin/../cortexa9t2hf-neon-xilinx-linux-gnueabi --build-id --eh-frame-hdr --hash-style=gnu -dynamic-linker /lib/ld-linux-armhf.so.3 -X -m armelf_linux_eabi -pie -o cmTC_43240 /tools/Xilinx/Vitis/2022.1/gnu/aarch32/lin/gcc-arm-linux-gnueabi/bin/../cortexa9t2hf-neon-xilinx-linux-gnueabi/usr/lib/Scrt1.o /tools/Xilinx/Vitis/2022.1/gnu/aarch32/lin/gcc-arm-linux-gnueabi/bin/../cortexa9t2hf-neon-xilinx-linux-gnueabi/usr/lib/crti.o /tools/Xilinx/Vitis/2022.1/gnu/aarch32/lin/gcc-arm-linux-gnueabi/bin/../cortexa9t2hf-neon-xilinx-linux-gnueabi/usr/lib/arm-xilinx-linux-gnueabi/11.2.0/crtbeginS.o -L/tools/Xilinx/Vitis/2022.1/gnu/aarch32/lin/gcc-arm-linux-gnueabi/x86_64-petalinux-linux/usr/bin/arm-xilinx-linux-gnueabi/../../lib/arm-xilinx-linux-gnueabi/gcc/arm-xilinx-linux-gnueabi/11.2.0 -L/tools/Xilinx/Vitis/2022.1/gnu/aarch32/lin/gcc-arm-linux-gnueabi/x86_64-petalinux-linux/usr/bin/arm-xilinx-linux-gnueabi/../../lib/arm-xilinx-linux-gnueabi/gcc -L/tools/Xilinx/Vitis/2022.1/gnu/aarch32/lin/gcc-arm-linux-gnueabi/bin/../cortexa9t2hf-neon-xilinx-linux-gnueabi/lib -L/tools/Xilinx/Vitis/2022.1/gnu/aarch32/lin/gcc-arm-linux-gnueabi/bin/../cortexa9t2hf-neon-xilinx-linux-gnueabi/usr/lib/arm-xilinx-linux-gnueabi/11.2.0 -L/tools/Xilinx/Vitis/2022.1/gnu/aarch32/lin/gcc-arm-linux-gnueabi/bin/../cortexa9t2hf-neon-xilinx-linux-gnueabi/usr/lib CMakeFiles/cmTC_43240.dir/CMakeCXXCompilerABI.cpp.o -lstdc++ -lm -lgcc_s -lgcc -lc -lgcc_s -lgcc /tools/Xilinx/Vitis/2022.1/gnu/aarch32/lin/gcc-arm-linux-gnueabi/bin/../cortexa9t2hf-neon-xilinx-linux-gnueabi/usr/lib/arm-xilinx-linux-gnueabi/11.2.0/crtendS.o /tools/Xilinx/Vitis/2022.1/gnu/aarch32/lin/gcc-arm-linux-gnueabi/bin/../cortexa9t2hf-neon-xilinx-linux-gnueabi/usr/lib/crtn.o
COLLECT_GCC_OPTIONS='--sysroot=/tools/Xilinx/Vitis/2022.1/gnu/aarch32/lin/gcc-arm-linux-gnueabi/bin/../cortexa9t2hf-neon-xilinx-linux-gnueabi' '-v' '-o' 'cmTC_43240' '-mfpu=neon' '-mfloat-abi=hard' '-shared-libgcc' '-mcpu=arm10tdmi' '-mtls-dialect=gnu' '-marm' '-mlibarch=armv5t' '-march=armv5t' '-dumpdir' 'cmTC_43240.'
make[1]: Leaving directory '/home/user/Aqua-Vector-ControlCenter/build/CMakeFiles/CMakeTmp'



Parsed CXX implicit include dir info from above output: rv=done
  found start of include info
  found start of implicit include info
    add: [/tools/Xilinx/Vitis/2022.1/gnu/aarch32/lin/gcc-arm-linux-gnueabi/x86_64-petalinux-linux/usr/bin/arm-xilinx-linux-gnueabi/../../lib/arm-xilinx-linux-gnueabi/gcc/arm-xilinx-linux-gnueabi/11.2.0/include]
    add: [/tools/Xilinx/Vitis/2022.1/gnu/aarch32/lin/gcc-arm-linux-gnueabi/x86_64-petalinux-linux/usr/bin/arm-xilinx-linux-gnueabi/../../lib/arm-xilinx-linux-gnueabi/gcc/arm-xilinx-linux-gnueabi/11.2.0/include-fixed]
    add: [/tools/Xilinx/Vitis/2022.1/gnu/aarch32/lin/gcc-arm-linux-gnueabi/bin/../cortexa9t2hf-neon-xilinx-linux-gnueabi/usr/include/c++/11.2.0]
    add: [/tools/Xilinx/Vitis/2022.1/gnu/aarch32/lin/gcc-arm-linux-gnueabi/bin/../cortexa9t2hf-neon-xilinx-linux-gnueabi/usr/include/c++/11.2.0/arm-xilinx-linux-gnueabi]
    add: [/tools/Xilinx/Vitis/2022.1/gnu/aarch32/lin/gcc-arm-linux-gnueabi/bin/../cortexa9t2hf-neon-xilinx-linux-gnueabi/usr/include/c++/11.2.0/backward]
    add: [/tools/Xilinx/Vitis/2022.1/gnu/aarch32/lin/gcc-arm-linux-gnueabi/bin/../cortexa9t2hf-neon-xilinx-linux-gnueabi/usr/include/]
  end of search list found
  collapse include dir [/tools/Xilinx/Vitis/2022.1/gnu/aarch32/lin/gcc-arm-linux-gnueabi/x86_64-petalinux-linux/usr/bin/arm-xilinx-linux-gnueabi/../../lib/arm-xilinx-linux-gnueabi/gcc/arm-xilinx-linux-gnueabi/11.2.0/include] ==> [/tools/Xilinx/Vitis/2022.1/gnu/aarch32/lin/gcc-arm-linux-gnueabi/x86_64-petalinux-linux/usr/lib/arm-xilinx-linux-gnueabi/gcc/arm-xilinx-linux-gnueabi/11.2.0/include]
  collapse include dir [/tools/Xilinx/Vitis/2022.1/gnu/aarch32/lin/gcc-arm-linux-gnueabi/x86_64-petalinux-linux/usr/bin/arm-xilinx-linux-gnueabi/../../lib/arm-xilinx-linux-gnueabi/gcc/arm-xilinx-linux-gnueabi/11.2.0/include-fixed] ==> [/tools/Xilinx/Vitis/2022.1/gnu/aarch32/lin/gcc-arm-linux-gnueabi/x86_64-petalinux-linux/usr/lib/arm-xilinx-linux-gnueabi/gcc/arm-xilinx-linux-gnueabi/11.2.0/include-fixed]
  collapse include dir [/tools/Xilinx/Vitis/2022.1/gnu/aarch32/lin/gcc-arm-linux-gnueabi/bin/../cortexa9t2hf-neon-xilinx-linux-gnueabi/usr/include/c++/11.2.0] ==> [/tools/Xilinx/Vitis/2022.1/gnu/aarch32/lin/gcc-arm-linux-gnueabi/cortexa9t2hf-neon-xilinx-linux-gnueabi/usr/include/c++/11.2.0]
  collapse include dir [/tools/Xilinx/Vitis/2022.1/gnu/aarch32/lin/gcc-arm-linux-gnueabi/bin/../cortexa9t2hf-neon-xilinx-linux-gnueabi/usr/include/c++/11.2.0/arm-xilinx-linux-gnueabi] ==> [/tools/Xilinx/Vitis/2022.1/gnu/aarch32/lin/gcc-arm-linux-gnueabi/cortexa9t2hf-neon-xilinx-linux-gnueabi/usr/include/c++/11.2.0/arm-xilinx-linux-gnueabi]
  collapse include dir [/tools/Xilinx/Vitis/2022.1/gnu/aarch32/lin/gcc-arm-linux-gnueabi/bin/../cortexa9t2hf-neon-xilinx-linux-gnueabi/usr/include/c++/11.2.0/backward] ==> [/tools/Xilinx/Vitis/2022.1/gnu/aarch32/lin/gcc-arm-linux-gnueabi/cortexa9t2hf-neon-xilinx-linux-gnueabi/usr/include/c++/11.2.0/backward]
  collapse include dir [/tools/Xilinx/Vitis/2022.1/gnu/aarch32/lin/gcc-arm-linux-gnueabi/bin/../cortexa9t2hf-neon-xilinx-linux-gnueabi/usr/include/] ==> [/tools/Xilinx/Vitis/2022.1/gnu/aarch32/lin/gcc-arm-linux-gnueabi/cortexa9t2hf-neon-xilinx-linux-gnueabi/usr/include]
  implicit include dirs: [/tools/Xilinx/Vitis/2022.1/gnu/aarch32/lin/gcc-arm-linux-gnueabi/x86_64-petalinux-linux/usr/lib/arm-xilinx-linux-gnueabi/gcc/arm-xilinx-linux-gnueabi/11.2.0/include;/tools/Xilinx/Vitis/2022.1/gnu/aarch32/lin/gcc-arm-linux-gnueabi/x86_64-petalinux-linux/usr/lib/arm-xilinx-linux-gnueabi/gcc/arm-xilinx-linux-gnueabi/11.2.0/include-fixed;/tools/Xilinx/Vitis/2022.1/gnu/aarch32/lin/gcc-arm-linux-gnueabi/cortexa9t2hf-neon-xilinx-linux-gnueabi/usr/include/c++/11.2.0;/tools/Xilinx/Vitis/2022.1/gnu/aarch32/lin/gcc-arm-linux-gnueabi/cortexa9t2hf-neon-xilinx-linux-gnueabi/usr/include/c++/11.2.0/arm-xilinx-linux-gnueabi;/tools/Xilinx/Vitis/2022.1/gnu/aarch32/lin/gcc-arm-linux-gnueabi/cortexa9t2hf-neon-xilinx-linux-gnueabi/usr/include/c++/11.2.0/backward;/tools/Xilinx/Vitis/2022.1/gnu/aarch32/lin/gcc-arm-linux-gnueabi/cortexa9t2hf-neon-xilinx-linux-gnueabi/usr/include]


Parsed CXX implicit link information from above output:
  link line regex: [^( *|.*[/\])(arm-linux-gnueabihf-ld|CMAKE_LINK_STARTFILE-NOTFOUND|([^/\]+-)?ld|collect2)[^/\]*( |$)]
  ignore line: [Change Dir: /home/user/Aqua-Vector-ControlCenter/build/CMakeFiles/CMakeTmp]
  ignore line: []
  ignore line: [Run Build Command(s):/usr/bin/make cmTC_43240/fast && /usr/bin/make -f CMakeFiles/cmTC_43240.dir/build.make CMakeFiles/cmTC_43240.dir/build]
  ignore line: [make[1]: Entering directory '/home/user/Aqua-Vector-ControlCenter/build/CMakeFiles/CMakeTmp']
  ignore line: [Building CXX object CMakeFiles/cmTC_43240.dir/CMakeCXXCompilerABI.cpp.o]
  ignore line: [/tools/Xilinx/Vitis/2022.1/gnu/aarch32/lin/gcc-arm-linux-gnueabi/bin/arm-linux-gnueabihf-g++    -v -o CMakeFiles/cmTC_43240.dir/CMakeCXXCompilerABI.cpp.o -c /usr/share/cmake-3.16/Modules/CMakeCXXCompilerABI.cpp]
  ignore line: [Using built-in specs.]
  ignore line: [COLLECT_GCC=/tools/Xilinx/Vitis/2022.1/gnu/aarch32/lin/gcc-arm-linux-gnueabi/bin/../x86_64-petalinux-linux/usr/bin/arm-xilinx-linux-gnueabi/arm-xilinx-linux-gnueabi-g++.real]
  ignore line: [Target: arm-xilinx-linux-gnueabi]
  ignore line: [Configured with: ../../../../../../work-shared/gcc-11.2.0-r0/gcc-11.2.0/configure --build=x86_64-linux --host=x86_64-petalinux-linux --target=arm-xilinx-linux-gnueabi --prefix=/usr/local/oe-sdk-hardcoded-buildpath/sysroots/x86_64-petalinux-linux/usr --exec_prefix=/usr/local/oe-sdk-hardcoded-buildpath/sysroots/x86_64-petalinux-linux/usr --bindir=/usr/local/oe-sdk-hardcoded-buildpath/sysroots/x86_64-petalinux-linux/usr/bin/arm-xilinx-linux-gnueabi --sbindir=/usr/local/oe-sdk-hardcoded-buildpath/sysroots/x86_64-petalinux-linux/usr/bin/arm-xilinx-linux-gnueabi --libexecdir=/usr/local/oe-sdk-hardcoded-buildpath/sysroots/x86_64-petalinux-linux/usr/libexec/arm-xilinx-linux-gnueabi --datadir=/usr/local/oe-sdk-hardcoded-buildpath/sysroots/x86_64-petalinux-linux/usr/share --sysconfdir=/usr/local/oe-sdk-hardcoded-buildpath/sysroots/x86_64-petalinux-linux/etc --sharedstatedir=/usr/local/oe-sdk-hardcoded-buildpath/sysroots/x86_64-petalinux-linux/com --localstatedir=/usr/local/oe-sdk-hardcoded-buildpath/sysroots/x86_64-petalinux-linux/var --libdir=/usr/local/oe-sdk-hardcoded-buildpath/sysroots/x86_64-petalinux-linux/usr/lib/arm-xilinx-linux-gnueabi --includedir=/usr/local/oe-sdk-hardcoded-buildpath/sysroots/x86_64-petalinux-linux/usr/include --oldincludedir=/usr/local/oe-sdk-hardcoded-buildpath/sysroots/x86_64-petalinux-linux/usr/include --infodir=/usr/local/oe-sdk-hardcoded-buildpath/sysroots/x86_64-petalinux-linux/usr/share/info --mandir=/usr/local/oe-sdk-hardcoded-buildpath/sysroots/x86_64-petalinux-linux/usr/share/man --disable-silent-rules --disable-dependency-tracking --with-libtool-sysroot=/scratch/mhatle/git/internal/2022/build-toolchain/tmp/work/x86_64-nativesdk-petalinux-linux/gcc-cross-canadian-arm/11.2.0-r0/recipe-sysroot --with-gnu-ld --enable-shared --enable-languages=c,c++ --enable-threads=posix --enable-multilib --enable-default-pie --enable-c99 --enable-long-long --enable-symvers=gnu --enable-libstdcxx-pch --program-prefix=arm-xilinx-linux-gnueabi- --without-local-prefix --disable-install-libiberty --disable-libssp --enable-libitm --enable-lto --disable-bootstrap --with-system-zlib --with-linker-hash-style=gnu --enable-linker-build-id --with-ppl=no --with-cloog=no --enable-checking=release --enable-cheaders=c_global --without-isl --with-gxx-include-dir=/not/exist/usr/include/c++/11.2.0 --with-build-time-tools=/scratch/mhatle/git/internal/2022/build-toolchain/tmp/work/x86_64-nativesdk-petalinux-linux/gcc-cross-canadian-arm/11.2.0-r0/recipe-sysroot-native/usr/arm-xilinx-linux-gnueabi/bin --with-sysroot=/not/exist --with-build-sysroot=/scratch/mhatle/git/internal/2022/build-toolchain/tmp/work/x86_64-nativesdk-petalinux-linux/gcc-cross-canadian-arm/11.2.0-r0/recipe-sysroot --enable-standard-branch-protection --enable-poison-system-directories --disable-static --enable-nls --with-glibc-version=2.28 --enable-initfini-array]
  ignore line: [Thread model: posix]
  ignore line: [Supported LTO compression algorithms: zlib zstd]
  ignore line: [gcc version 11.2.0 (GCC) ]
  ignore line: [COLLECT_GCC_OPTIONS='--sysroot=/tools/Xilinx/Vitis/2022.1/gnu/aarch32/lin/gcc-arm-linux-gnueabi/bin/../cortexa9t2hf-neon-xilinx-linux-gnueabi' '-v' '-o' 'CMakeFiles/cmTC_43240.dir/CMakeCXXCompilerABI.cpp.o' '-c' '-mfpu=neon' '-mfloat-abi=hard' '-shared-libgcc' '-mcpu=arm10tdmi' '-mtls-dialect=gnu' '-marm' '-mlibarch=armv5t' '-march=armv5t' '-dumpdir' 'CMakeFiles/cmTC_43240.dir/']
  ignore line: [ /tools/Xilinx/Vitis/2022.1/gnu/aarch32/lin/gcc-arm-linux-gnueabi/x86_64-petalinux-linux/usr/bin/arm-xilinx-linux-gnueabi/../../libexec/arm-xilinx-linux-gnueabi/gcc/arm-xilinx-linux-gnueabi/11.2.0/cc1plus -quiet -v -iprefix /tools/Xilinx/Vitis/2022.1/gnu/aarch32/lin/gcc-arm-linux-gnueabi/x86_64-petalinux-linux/usr/bin/arm-xilinx-linux-gnueabi/../../lib/arm-xilinx-linux-gnueabi/gcc/arm-xilinx-linux-gnueabi/11.2.0/ -isysroot /tools/Xilinx/Vitis/2022.1/gnu/aarch32/lin/gcc-arm-linux-gnueabi/bin/../cortexa9t2hf-neon-xilinx-linux-gnueabi -D_GNU_SOURCE /usr/share/cmake-3.16/Modules/CMakeCXXCompilerABI.cpp -quiet -dumpdir CMakeFiles/cmTC_43240.dir/ -dumpbase CMakeCXXCompilerABI.cpp.cpp -dumpbase-ext .cpp -mfpu=neon -mfloat-abi=hard -mcpu=arm10tdmi -mtls-dialect=gnu -marm -mlibarch=armv5t -march=armv5t -version -o /tmp/ccY1kD8R.s]
  ignore line: [GNU C++17 (GCC) version 11.2.0 (arm-xilinx-linux-gnueabi)]
  ignore line: [	compiled by GNU C version 11.2.0  GMP version 6.2.1  MPFR version 4.1.0  MPC version 1.2.1  isl version none]
  ignore line: [GGC heuristics: --param ggc-min-expand=100 --param ggc-min-heapsize=131072]
  ignore line: [ignoring nonexistent directory "/tools/Xilinx/Vitis/2022.1/gnu/aarch32/lin/gcc-arm-linux-gnueabi/x86_64-petalinux-linux/usr/bin/arm-xilinx-linux-gnueabi/../../lib/arm-xilinx-linux-gnueabi/gcc/arm-xilinx-linux-gnueabi/11.2.0/../../../../../arm-xilinx-linux-gnueabi/include"]
  ignore line: [ignoring duplicate directory "/tools/Xilinx/Vitis/2022.1/gnu/aarch32/lin/gcc-arm-linux-gnueabi/x86_64-petalinux-linux/usr/bin/arm-xilinx-linux-gnueabi/../../lib/arm-xilinx-linux-gnueabi/gcc/../../../lib/arm-xilinx-linux-gnueabi/gcc/arm-xilinx-linux-gnueabi/11.2.0/include"]
  ignore line: [ignoring nonexistent directory "/tools/Xilinx/Vitis/2022.1/gnu/aarch32/lin/gcc-arm-linux-gnueabi/bin/../cortexa9t2hf-neon-xilinx-linux-gnueabi/usr/lib/arm-xilinx-linux-gnueabi/11.2.0/include"]
  ignore line: [ignoring nonexistent directory "/tools/Xilinx/Vitis/2022.1/gnu/aarch32/lin/gcc-arm-linux-gnueabi/bin/../cortexa9t2hf-neon-xilinx-linux-gnueabi/usr/local/include"]
  ignore line: [ignoring duplicate directory "/tools/Xilinx/Vitis/2022.1/gnu/aarch32/lin/gcc-arm-linux-gnueabi/x86_64-petalinux-linux/usr/bin/arm-xilinx-linux-gnueabi/../../lib/arm-xilinx-linux-gnueabi/gcc/../../../lib/arm-xilinx-linux-gnueabi/gcc/arm-xilinx-linux-gnueabi/11.2.0/include-fixed"]
  ignore line: [ignoring nonexistent directory "/tools/Xilinx/Vitis/2022.1/gnu/aarch32/lin/gcc-arm-linux-gnueabi/x86_64-petalinux-linux/usr/bin/arm-xilinx-linux-gnueabi/../../lib/arm-xilinx-linux-gnueabi/gcc/../../../lib/arm-xilinx-linux-gnueabi/gcc/arm-xilinx-linux-gnueabi/11.2.0/../../../../../arm-xilinx-linux-gnueabi/include"]
  ignore line: [#include "..." search starts here:]
  ignore line: [#include <...> search starts here:]
  ignore line: [ /tools/Xilinx/Vitis/2022.1/gnu/aarch32/lin/gcc-arm-linux-gnueabi/x86_64-petalinux-linux/usr/bin/arm-xilinx-linux-gnueabi/../../lib/arm-xilinx-linux-gnueabi/gcc/arm-xilinx-linux-gnueabi/11.2.0/include]
  ignore line: [ /tools/Xilinx/Vitis/2022.1/gnu/aarch32/lin/gcc-arm-linux-gnueabi/x86_64-petalinux-linux/usr/bin/arm-xilinx-linux-gnueabi/../../lib/arm-xilinx-linux-gnueabi/gcc/arm-xilinx-linux-gnueabi/11.2.0/include-fixed]
  ignore line: [ /tools/Xilinx/Vitis/2022.1/gnu/aarch32/lin/gcc-arm-linux-gnueabi/bin/../cortexa9t2hf-neon-xilinx-linux-gnueabi/usr/include/c++/11.2.0]
  ignore line: [ /tools/Xilinx/Vitis/2022.1/gnu/aarch32/lin/gcc-arm-linux-gnueabi/bin/../cortexa9t2hf-neon-xilinx-linux-gnueabi/usr/include/c++/11.2.0/arm-xilinx-linux-gnueabi]
  ignore line: [ /tools/Xilinx/Vitis/2022.1/gnu/aarch32/lin/gcc-arm-linux-gnueabi/bin/../cortexa9t2hf-neon-xilinx-linux-gnueabi/usr/include/c++/11.2.0/backward]
  ignore line: [ /tools/Xilinx/Vitis/2022.1/gnu/aarch32/lin/gcc-arm-linux-gnueabi/bin/../cortexa9t2hf-neon-xilinx-linux-gnueabi/usr/include/]
  ignore line: [End of search list.]
  ignore line: [GNU C++17 (GCC) version 11.2.0 (arm-xilinx-linux-gnueabi)]
  ignore line: [	compiled by GNU C version 11.2.0  GMP version 6.2.1  MPFR version 4.1.0  MPC version 1.2.1  isl version none]
  ignore line: [GGC heuristics: --param ggc-min-expand=100 --param ggc-min-heapsize=131072]
  ignore line: [Compiler executable checksum: 0ac27323bcaeaa89b7543611e9043aa8]
  ignore line: [COLLECT_GCC_OPTIONS='--sysroot=/tools/Xilinx/Vitis/2022.1/gnu/aarch32/lin/gcc-arm-linux-gnueabi/bin/../cortexa9t2hf-neon-xilinx-linux-gnueabi' '-v' '-o' 'CMakeFiles/cmTC_43240.dir/CMakeCXXCompilerABI.cpp.o' '-c' '-mfpu=neon' '-mfloat-abi=hard' '-shared-libgcc' '-mcpu=arm10tdmi' '-mtls-dialect=gnu' '-marm' '-mlibarch=armv5t' '-march=armv5t' '-dumpdir' 'CMakeFiles/cmTC_43240.dir/']
  ignore line: [ /tools/Xilinx/Vitis/2022.1/gnu/aarch32/lin/gcc-arm-linux-gnueabi/x86_64-petalinux-linux/usr/bin/arm-xilinx-linux-gnueabi/../../libexec/arm-xilinx-linux-gnueabi/gcc/arm-xilinx-linux-gnueabi/11.2.0/as -v -march=armv5t -mfloat-abi=hard -mfpu=neon -meabi=5 -o CMakeFiles/cmTC_43240.dir/CMakeCXXCompilerABI.cpp.o /tmp/ccY1kD8R.s]
  ignore line: [GNU assembler version 2.37 (arm-xilinx-linux-gnueabi) using BFD version (GNU Binutils) 2.37.20210721]
  ignore line: [COMPILER_PATH=/tools/Xilinx/Vitis/2022.1/gnu/aarch32/lin/gcc-arm-linux-gnueabi/x86_64-petalinux-linux/usr/bin/arm-xilinx-linux-gnueabi/../../libexec/arm-xilinx-linux-gnueabi/gcc/arm-xilinx-linux-gnueabi/11.2.0/:/tools/Xilinx/Vitis/2022.1/gnu/aarch32/lin/gcc-arm-linux-gnueabi/x86_64-petalinux-linux/usr/bin/arm-xilinx-linux-gnueabi/../../libexec/arm-xilinx-linux-gnueabi/gcc/]
  ignore line: [LIBRARY_PATH=/tools/Xilinx/Vitis/2022.1/gnu/aarch32/lin/gcc-arm-linux-gnueabi/x86_64-petalinux-linux/usr/bin/arm-xilinx-linux-gnueabi/../../lib/arm-xilinx-linux-gnueabi/gcc/arm-xilinx-linux-gnueabi/11.2.0/:/tools/Xilinx/Vitis/2022.1/gnu/aarch32/lin/gcc-arm-linux-gnueabi/x86_64-petalinux-linux/usr/bin/arm-xilinx-linux-gnueabi/../../lib/arm-xilinx-linux-gnueabi/gcc/:/tools/Xilinx/Vitis/2022.1/gnu/aarch32/lin/gcc-arm-linux-gnueabi/bin/../cortexa9t2hf-neon-xilinx-linux-gnueabi/lib/:/tools/Xilinx/Vitis/2022.1/gnu/aarch32/lin/gcc-arm-linux-gnueabi/bin/../cortexa9t2hf-neon-xilinx-linux-gnueabi/usr/lib/arm-xilinx-linux-gnueabi/11.2.0/:/tools/Xilinx/Vitis/2022.1/gnu/aarch32/lin/gcc-arm-linux-gnueabi/bin/../cortexa9t2hf-neon-xilinx-linux-gnueabi/usr/lib/]
  ignore line: [COLLECT_GCC_OPTIONS='--sysroot=/tools/Xilinx/Vitis/2022.1/gnu/aarch32/lin/gcc-arm-linux-gnueabi/bin/../cortexa9t2hf-neon-xilinx-linux-gnueabi' '-v' '-o' 'CMakeFiles/cmTC_43240.dir/CMakeCXXCompilerABI.cpp.o' '-c' '-mfpu=neon' '-mfloat-abi=hard' '-shared-libgcc' '-mcpu=arm10tdmi' '-mtls-dialect=gnu' '-marm' '-mlibarch=armv5t' '-march=armv5t' '-dumpdir' 'CMakeFiles/cmTC_43240.dir/CMakeCXXCompilerABI.cpp.']
  ignore line: [Linking CXX executable cmTC_43240]
  ignore line: [/usr/bin/cmake -E cmake_link_script CMakeFiles/cmTC_43240.dir/link.txt --verbose=1]
  ignore line: [/tools/Xilinx/Vitis/2022.1/gnu/aarch32/lin/gcc-arm-linux-gnueabi/bin/arm-linux-gnueabihf-g++      -v CMakeFiles/cmTC_43240.dir/CMakeCXXCompilerABI.cpp.o  -o cmTC_43240 ]
  ignore line: [Using built-in specs.]
  ignore line: [COLLECT_GCC=/tools/Xilinx/Vitis/2022.1/gnu/aarch32/lin/gcc-arm-linux-gnueabi/bin/../x86_64-petalinux-linux/usr/bin/arm-xilinx-linux-gnueabi/arm-xilinx-linux-gnueabi-g++.real]
  ignore line: [COLLECT_LTO_WRAPPER=/tools/Xilinx/Vitis/2022.1/gnu/aarch32/lin/gcc-arm-linux-gnueabi/x86_64-petalinux-linux/usr/bin/arm-xilinx-linux-gnueabi/../../libexec/arm-xilinx-linux-gnueabi/gcc/arm-xilinx-linux-gnueabi/11.2.0/lto-wrapper]
  ignore line: [Target: arm-xilinx-linux-gnueabi]
  ignore line: [Configured with: ../../../../../../work-shared/gcc-11.2.0-r0/gcc-11.2.0/configure --build=x86_64-linux --host=x86_64-petalinux-linux --target=arm-xilinx-linux-gnueabi --prefix=/usr/local/oe-sdk-hardcoded-buildpath/sysroots/x86_64-petalinux-linux/usr --exec_prefix=/usr/local/oe-sdk-hardcoded-buildpath/sysroots/x86_64-petalinux-linux/usr --bindir=/usr/local/oe-sdk-hardcoded-buildpath/sysroots/x86_64-petalinux-linux/usr/bin/arm-xilinx-linux-gnueabi --sbindir=/usr/local/oe-sdk-hardcoded-buildpath/sysroots/x86_64-petalinux-linux/usr/bin/arm-xilinx-linux-gnueabi --libexecdir=/usr/local/oe-sdk-hardcoded-buildpath/sysroots/x86_64-petalinux-linux/usr/libexec/arm-xilinx-linux-gnueabi --datadir=/usr/local/oe-sdk-hardcoded-buildpath/sysroots/x86_64-petalinux-linux/usr/share --sysconfdir=/usr/local/oe-sdk-hardcoded-buildpath/sysroots/x86_64-petalinux-linux/etc --sharedstatedir=/usr/local/oe-sdk-hardcoded-buildpath/sysroots/x86_64-petalinux-linux/com --localstatedir=/usr/local/oe-sdk-hardcoded-buildpath/sysroots/x86_64-petalinux-linux/var --libdir=/usr/local/oe-sdk-hardcoded-buildpath/sysroots/x86_64-petalinux-linux/usr/lib/arm-xilinx-linux-gnueabi --includedir=/usr/local/oe-sdk-hardcoded-buildpath/sysroots/x86_64-petalinux-linux/usr/include --oldincludedir=/usr/local/oe-sdk-hardcoded-buildpath/sysroots/x86_64-petalinux-linux/usr/include --infodir=/usr/local/oe-sdk-hardcoded-buildpath/sysroots/x86_64-petalinux-linux/usr/share/info --mandir=/usr/local/oe-sdk-hardcoded-buildpath/sysroots/x86_64-petalinux-linux/usr/share/man --disable-silent-rules --disable-dependency-tracking --with-libtool-sysroot=/scratch/mhatle/git/internal/2022/build-toolchain/tmp/work/x86_64-nativesdk-petalinux-linux/gcc-cross-canadian-arm/11.2.0-r0/recipe-sysroot --with-gnu-ld --enable-shared --enable-languages=c,c++ --enable-threads=posix --enable-multilib --enable-default-pie --enable-c99 --enable-long-long --enable-symvers=gnu --enable-libstdcxx-pch --program-prefix=arm-xilinx-linux-gnueabi- --without-local-prefix --disable-install-libiberty --disable-libssp --enable-libitm --enable-lto --disable-bootstrap --with-system-zlib --with-linker-hash-style=gnu --enable-linker-build-id --with-ppl=no --with-cloog=no --enable-checking=release --enable-cheaders=c_global --without-isl --with-gxx-include-dir=/not/exist/usr/include/c++/11.2.0 --with-build-time-tools=/scratch/mhatle/git/internal/2022/build-toolchain/tmp/work/x86_64-nativesdk-petalinux-linux/gcc-cross-canadian-arm/11.2.0-r0/recipe-sysroot-native/usr/arm-xilinx-linux-gnueabi/bin --with-sysroot=/not/exist --with-build-sysroot=/scratch/mhatle/git/internal/2022/build-toolchain/tmp/work/x86_64-nativesdk-petalinux-linux/gcc-cross-canadian-arm/11.2.0-r0/recipe-sysroot --enable-standard-branch-protection --enable-poison-system-directories --disable-static --enable-nls --with-glibc-version=2.28 --enable-initfini-array]
  ignore line: [Thread model: posix]
  ignore line: [Supported LTO compression algorithms: zlib zstd]
  ignore line: [gcc version 11.2.0 (GCC) ]
  ignore line: [COMPILER_PATH=/tools/Xilinx/Vitis/2022.1/gnu/aarch32/lin/gcc-arm-linux-gnueabi/x86_64-petalinux-linux/usr/bin/arm-xilinx-linux-gnueabi/../../libexec/arm-xilinx-linux-gnueabi/gcc/arm-xilinx-linux-gnueabi/11.2.0/:/tools/Xilinx/Vitis/2022.1/gnu/aarch32/lin/gcc-arm-linux-gnueabi/x86_64-petalinux-linux/usr/bin/arm-xilinx-linux-gnueabi/../../libexec/arm-xilinx-linux-gnueabi/gcc/]
  ignore line: [LIBRARY_PATH=/tools/Xilinx/Vitis/2022.1/gnu/aarch32/lin/gcc-arm-linux-gnueabi/x86_64-petalinux-linux/usr/bin/arm-xilinx-linux-gnueabi/../../lib/arm-xilinx-linux-gnueabi/gcc/arm-xilinx-linux-gnueabi/11.2.0/:/tools/Xilinx/Vitis/2022.1/gnu/aarch32/lin/gcc-arm-linux-gnueabi/x86_64-petalinux-linux/usr/bin/arm-xilinx-linux-gnueabi/../../lib/arm-xilinx-linux-gnueabi/gcc/:/tools/Xilinx/Vitis/2022.1/gnu/aarch32/lin/gcc-arm-linux-gnueabi/bin/../cortexa9t2hf-neon-xilinx-linux-gnueabi/lib/:/tools/Xilinx/Vitis/2022.1/gnu/aarch32/lin/gcc-arm-linux-gnueabi/bin/../cortexa9t2hf-neon-xilinx-linux-gnueabi/usr/lib/arm-xilinx-linux-gnueabi/11.2.0/:/tools/Xilinx/Vitis/2022.1/gnu/aarch32/lin/gcc-arm-linux-gnueabi/bin/../cortexa9t2hf-neon-xilinx-linux-gnueabi/usr/lib/]
  ignore line: [COLLECT_GCC_OPTIONS='--sysroot=/tools/Xilinx/Vitis/2022.1/gnu/aarch32/lin/gcc-arm-linux-gnueabi/bin/../cortexa9t2hf-neon-xilinx-linux-gnueabi' '-v' '-o' 'cmTC_43240' '-mfpu=neon' '-mfloat-abi=hard' '-shared-libgcc' '-mcpu=arm10tdmi' '-mtls-dialect=gnu' '-marm' '-mlibarch=armv5t' '-march=armv5t' '-dumpdir' 'cmTC_43240.']
  link line: [ /tools/Xilinx/Vitis/2022.1/gnu/aarch32/lin/gcc-arm-linux-gnueabi/x86_64-petalinux-linux/usr/bin/arm-xilinx-linux-gnueabi/../../libexec/arm-xilinx-linux-gnueabi/gcc/arm-xilinx-linux-gnueabi/11.2.0/collect2 -plugin /tools/Xilinx/Vitis/2022.1/gnu/aarch32/lin/gcc-arm-linux-gnueabi/x86_64-petalinux-linux/usr/bin/arm-xilinx-linux-gnueabi/../../libexec/arm-xilinx-linux-gnueabi/gcc/arm-xilinx-linux-gnueabi/11.2.0/liblto_plugin.so -plugin-opt=/tools/Xilinx/Vitis/2022.1/gnu/aarch32/lin/gcc-arm-linux-gnueabi/x86_64-petalinux-linux/usr/bin/arm-xilinx-linux-gnueabi/../../libexec/arm-xilinx-linux-gnueabi/gcc/arm-xilinx-linux-gnueabi/11.2.0/lto-wrapper -plugin-opt=-fresolution=/tmp/ccl0tX4F.res -plugin-opt=-pass-through=-lgcc_s -plugin-opt=-pass-through=-lgcc -plugin-opt=-pass-through=-lc -plugin-opt=-pass-through=-lgcc_s -plugin-opt=-pass-through=-lgcc --sysroot=/tools/Xilinx/Vitis/2022.1/gnu/aarch32/lin/gcc-arm-linux-gnueabi/bin/../cortexa9t2hf-neon-xilinx-linux-gnueabi --build-id --eh-frame-hdr --hash-style=gnu -dynamic-linker /lib/ld-linux-armhf.so.3 -X -m armelf_linux_eabi -pie -o cmTC_43240 /tools/Xilinx/Vitis/2022.1/gnu/aarch32/lin/gcc-arm-linux-gnueabi/bin/../cortexa9t2hf-neon-xilinx-linux-gnueabi/usr/lib/Scrt1.o /tools/Xilinx/Vitis/2022.1/gnu/aarch32/lin/gcc-arm-linux-gnueabi/bin/../cortexa9t2hf-neon-xilinx-linux-gnueabi/usr/lib/crti.o /tools/Xilinx/Vitis/2022.1/gnu/aarch32/lin/gcc-arm-linux-gnueabi/bin/../cortexa9t2hf-neon-xilinx-linux-gnueabi/usr/lib/arm-xilinx-linux-gnueabi/11.2.0/crtbeginS.o -L/tools/Xilinx/Vitis/2022.1/gnu/aarch32/lin/gcc-arm-linux-gnueabi/x86_64-petalinux-linux/usr/bin/arm-xilinx-linux-gnueabi/../../lib/arm-xilinx-linux-gnueabi/gcc/arm-xilinx-linux-gnueabi/11.2.0 -L/tools/Xilinx/Vitis/2022.1/gnu/aarch32/lin/gcc-arm-linux-gnueabi/x86_64-petalinux-linux/usr/bin/arm-xilinx-linux-gnueabi/../../lib/arm-xilinx-linux-gnueabi/gcc -L/tools/Xilinx/Vitis/2022.1/gnu/aarch32/lin/gcc-arm-linux-gnueabi/bin/../cortexa9t2hf-neon-xilinx-linux-gnueabi/lib -L/tools/Xilinx/Vitis/2022.1/gnu/aarch32/lin/gcc-arm-linux-gnueabi/bin/../cortexa9t2hf-neon-xilinx-linux-gnueabi/usr/lib/arm-xilinx-linux-gnueabi/11.2.0 -L/tools/Xilinx/Vitis/2022.1/gnu/aarch32/lin/gcc-arm-linux-gnueabi/bin/../cortexa9t2hf-neon-xilinx-linux-gnueabi/usr/lib CMakeFiles/cmTC_43240.dir/CMakeCXXCompilerABI.cpp.o -lstdc++ -lm -lgcc_s -lgcc -lc -lgcc_s -lgcc /tools/Xilinx/Vitis/2022.1/gnu/aarch32/lin/gcc-arm-linux-gnueabi/bin/../cortexa9t2hf-neon-xilinx-linux-gnueabi/usr/lib/arm-xilinx-linux-gnueabi/11.2.0/crtendS.o /tools/Xilinx/Vitis/2022.1/gnu/aarch32/lin/gcc-arm-linux-gnueabi/bin/../cortexa9t2hf-neon-xilinx-linux-gnueabi/usr/lib/crtn.o]
    arg [/tools/Xilinx/Vitis/2022.1/gnu/aarch32/lin/gcc-arm-linux-gnueabi/x86_64-petalinux-linux/usr/bin/arm-xilinx-linux-gnueabi/../../libexec/arm-xilinx-linux-gnueabi/gcc/arm-xilinx-linux-gnueabi/11.2.0/collect2] ==> ignore
    arg [-plugin] ==> ignore
    arg [/tools/Xilinx/Vitis/2022.1/gnu/aarch32/lin/gcc-arm-linux-gnueabi/x86_64-petalinux-linux/usr/bin/arm-xilinx-linux-gnueabi/../../libexec/arm-xilinx-linux-gnueabi/gcc/arm-xilinx-linux-gnueabi/11.2.0/liblto_plugin.so] ==> ignore
    arg [-plugin-opt=/tools/Xilinx/Vitis/2022.1/gnu/aarch32/lin/gcc-arm-linux-gnueabi/x86_64-petalinux-linux/usr/bin/arm-xilinx-linux-gnueabi/../../libexec/arm-xilinx-linux-gnueabi/gcc/arm-xilinx-linux-gnueabi/11.2.0/lto-wrapper] ==> ignore
    arg [-plugin-opt=-fresolution=/tmp/ccl0tX4F.res] ==> ignore
    arg [-plugin-opt=-pass-through=-lgcc_s] ==> ignore
    arg [-plugin-opt=-pass-through=-lgcc] ==> ignore
    arg [-plugin-opt=-pass-through=-lc] ==> ignore
    arg [-plugin-opt=-pass-through=-lgcc_s] ==> ignore
    arg [-plugin-opt=-pass-through=-lgcc] ==> ignore
    arg [--sysroot=/tools/Xilinx/Vitis/2022.1/gnu/aarch32/lin/gcc-arm-linux-gnueabi/bin/../cortexa9t2hf-neon-xilinx-linux-gnueabi] ==> ignore
    arg [--build-id] ==> ignore
    arg [--eh-frame-hdr] ==> ignore
    arg [--hash-style=gnu] ==> ignore
    arg [-dynamic-linker] ==> ignore
    arg [/lib/ld-linux-armhf.so.3] ==> ignore
    arg [-X] ==> ignore
    arg [-m] ==> ignore
    arg [armelf_linux_eabi] ==> ignore
    arg [-pie] ==> ignore
    arg [-o] ==> ignore
    arg [cmTC_43240] ==> ignore
    arg [/tools/Xilinx/Vitis/2022.1/gnu/aarch32/lin/gcc-arm-linux-gnueabi/bin/../cortexa9t2hf-neon-xilinx-linux-gnueabi/usr/lib/Scrt1.o] ==> ignore
    arg [/tools/Xilinx/Vitis/2022.1/gnu/aarch32/lin/gcc-arm-linux-gnueabi/bin/../cortexa9t2hf-neon-xilinx-linux-gnueabi/usr/lib/crti.o] ==> ignore
    arg [/tools/Xilinx/Vitis/2022.1/gnu/aarch32/lin/gcc-arm-linux-gnueabi/bin/../cortexa9t2hf-neon-xilinx-linux-gnueabi/usr/lib/arm-xilinx-linux-gnueabi/11.2.0/crtbeginS.o] ==> ignore
    arg [-L/tools/Xilinx/Vitis/2022.1/gnu/aarch32/lin/gcc-arm-linux-gnueabi/x86_64-petalinux-linux/usr/bin/arm-xilinx-linux-gnueabi/../../lib/arm-xilinx-linux-gnueabi/gcc/arm-xilinx-linux-gnueabi/11.2.0] ==> dir [/tools/Xilinx/Vitis/2022.1/gnu/aarch32/lin/gcc-arm-linux-gnueabi/x86_64-petalinux-linux/usr/bin/arm-xilinx-linux-gnueabi/../../lib/arm-xilinx-linux-gnueabi/gcc/arm-xilinx-linux-gnueabi/11.2.0]
    arg [-L/tools/Xilinx/Vitis/2022.1/gnu/aarch32/lin/gcc-arm-linux-gnueabi/x86_64-petalinux-linux/usr/bin/arm-xilinx-linux-gnueabi/../../lib/arm-xilinx-linux-gnueabi/gcc] ==> dir [/tools/Xilinx/Vitis/2022.1/gnu/aarch32/lin/gcc-arm-linux-gnueabi/x86_64-petalinux-linux/usr/bin/arm-xilinx-linux-gnueabi/../../lib/arm-xilinx-linux-gnueabi/gcc]
    arg [-L/tools/Xilinx/Vitis/2022.1/gnu/aarch32/lin/gcc-arm-linux-gnueabi/bin/../cortexa9t2hf-neon-xilinx-linux-gnueabi/lib] ==> dir [/tools/Xilinx/Vitis/2022.1/gnu/aarch32/lin/gcc-arm-linux-gnueabi/bin/../cortexa9t2hf-neon-xilinx-linux-gnueabi/lib]
    arg [-L/tools/Xilinx/Vitis/2022.1/gnu/aarch32/lin/gcc-arm-linux-gnueabi/bin/../cortexa9t2hf-neon-xilinx-linux-gnueabi/usr/lib/arm-xilinx-linux-gnueabi/11.2.0] ==> dir [/tools/Xilinx/Vitis/2022.1/gnu/aarch32/lin/gcc-arm-linux-gnueabi/bin/../cortexa9t2hf-neon-xilinx-linux-gnueabi/usr/lib/arm-xilinx-linux-gnueabi/11.2.0]
    arg [-L/tools/Xilinx/Vitis/2022.1/gnu/aarch32/lin/gcc-arm-linux-gnueabi/bin/../cortexa9t2hf-neon-xilinx-linux-gnueabi/usr/lib] ==> dir [/tools/Xilinx/Vitis/2022.1/gnu/aarch32/lin/gcc-arm-linux-gnueabi/bin/../cortexa9t2hf-neon-xilinx-linux-gnueabi/usr/lib]
    arg [CMakeFiles/cmTC_43240.dir/CMakeCXXCompilerABI.cpp.o] ==> ignore
    arg [-lstdc++] ==> lib [stdc++]
    arg [-lm] ==> lib [m]
    arg [-lgcc_s] ==> lib [gcc_s]
    arg [-lgcc] ==> lib [gcc]
    arg [-lc] ==> lib [c]
    arg [-lgcc_s] ==> lib [gcc_s]
    arg [-lgcc] ==> lib [gcc]
    arg [/tools/Xilinx/Vitis/2022.1/gnu/aarch32/lin/gcc-arm-linux-gnueabi/bin/../cortexa9t2hf-neon-xilinx-linux-gnueabi/usr/lib/arm-xilinx-linux-gnueabi/11.2.0/crtendS.o] ==> ignore
    arg [/tools/Xilinx/Vitis/2022.1/gnu/aarch32/lin/gcc-arm-linux-gnueabi/bin/../cortexa9t2hf-neon-xilinx-linux-gnueabi/usr/lib/crtn.o] ==> ignore
  collapse library dir [/tools/Xilinx/Vitis/2022.1/gnu/aarch32/lin/gcc-arm-linux-gnueabi/x86_64-petalinux-linux/usr/bin/arm-xilinx-linux-gnueabi/../../lib/arm-xilinx-linux-gnueabi/gcc/arm-xilinx-linux-gnueabi/11.2.0] ==> [/tools/Xilinx/Vitis/2022.1/gnu/aarch32/lin/gcc-arm-linux-gnueabi/x86_64-petalinux-linux/usr/lib/arm-xilinx-linux-gnueabi/gcc/arm-xilinx-linux-gnueabi/11.2.0]
  collapse library dir [/tools/Xilinx/Vitis/2022.1/gnu/aarch32/lin/gcc-arm-linux-gnueabi/x86_64-petalinux-linux/usr/bin/arm-xilinx-linux-gnueabi/../../lib/arm-xilinx-linux-gnueabi/gcc] ==> [/tools/Xilinx/Vitis/2022.1/gnu/aarch32/lin/gcc-arm-linux-gnueabi/x86_64-petalinux-linux/usr/lib/arm-xilinx-linux-gnueabi/gcc]
  collapse library dir [/tools/Xilinx/Vitis/2022.1/gnu/aarch32/lin/gcc-arm-linux-gnueabi/bin/../cortexa9t2hf-neon-xilinx-linux-gnueabi/lib] ==> [/tools/Xilinx/Vitis/2022.1/gnu/aarch32/lin/gcc-arm-linux-gnueabi/cortexa9t2hf-neon-xilinx-linux-gnueabi/lib]
  collapse library dir [/tools/Xilinx/Vitis/2022.1/gnu/aarch32/lin/gcc-arm-linux-gnueabi/bin/../cortexa9t2hf-neon-xilinx-linux-gnueabi/usr/lib/arm-xilinx-linux-gnueabi/11.2.0] ==> [/tools/Xilinx/Vitis/2022.1/gnu/aarch32/lin/gcc-arm-linux-gnueabi/cortexa9t2hf-neon-xilinx-linux-gnueabi/usr/lib/arm-xilinx-linux-gnueabi/11.2.0]
  collapse library dir [/tools/Xilinx/Vitis/2022.1/gnu/aarch32/lin/gcc-arm-linux-gnueabi/bin/../cortexa9t2hf-neon-xilinx-linux-gnueabi/usr/lib] ==> [/tools/Xilinx/Vitis/2022.1/gnu/aarch32/lin/gcc-arm-linux-gnueabi/cortexa9t2hf-neon-xilinx-linux-gnueabi/usr/lib]
  implicit libs: [stdc++;m;gcc_s;gcc;c;gcc_s;gcc]
  implicit dirs: [/tools/Xilinx/Vitis/2022.1/gnu/aarch32/lin/gcc-arm-linux-gnueabi/x86_64-petalinux-linux/usr/lib/arm-xilinx-linux-gnueabi/gcc/arm-xilinx-linux-gnueabi/11.2.0;/tools/Xilinx/Vitis/2022.1/gnu/aarch32/lin/gcc-arm-linux-gnueabi/x86_64-petalinux-linux/usr/lib/arm-xilinx-linux-gnueabi/gcc;/tools/Xilinx/Vitis/2022.1/gnu/aarch32/lin/gcc-arm-linux-gnueabi/cortexa9t2hf-neon-xilinx-linux-gnueabi/lib;/tools/Xilinx/Vitis/2022.1/gnu/aarch32/lin/gcc-arm-linux-gnueabi/cortexa9t2hf-neon-xilinx-linux-gnueabi/usr/lib/arm-xilinx-linux-gnueabi/11.2.0;/tools/Xilinx/Vitis/2022.1/gnu/aarch32/lin/gcc-arm-linux-gnueabi/cortexa9t2hf-neon-xilinx-linux-gnueabi/usr/lib]
  implicit fwks: []


